2025-08-08 21:35:18,295 - imanalysis - INFO - === GPU Setup Verification ===
2025-08-08 21:35:18,295 - imanalysis - INFO - OpenCL available: False
2025-08-08 21:35:18,295 - imanalysis - INFO - OpenCL enabled: False
2025-08-08 21:35:18,296 - imanalysis - WARNING - OpenCL not available - falling back to CPU
2025-08-08 21:35:18,296 - imanalysis - INFO - Starting ROC analysis for camera DSLR
2025-08-08 21:35:18,296 - imanalysis - DEBUG - >> Running similarity analysis with 6 workers for 3 color tags.
2025-08-08 21:35:18,514 - imanalysis - DEBUG - Starting analysis for 3 color tags with 6 workers.
2025-08-08 21:35:18,515 - imanalysis - DEBUG - Cloud dataset size: (18000, 400, 3), Sky dataset size: (18000, 400, 3)
2025-08-08 21:35:18,625 - imanalysis - DEBUG - >> Analyzing color channel: HSV
2025-08-08 21:35:18,737 - imanalysis - DEBUG - >> Analyzing color channel: RGB
2025-08-08 21:35:18,859 - imanalysis - DEBUG - >> Analyzing color channel: YCrCb
2025-08-08 21:35:19,963 - imanalysis - DEBUG - >> Cloud distribution: (3,), Sky distribution: (3,)
2025-08-08 21:35:19,974 - imanalysis - DEBUG - >> Jaccard scores: [('hue', 0.06818182, 0) ('saturation', 0.        , 1)
 ('value', 0.50857145, 2)]
2025-08-08 21:35:19,975 - imanalysis - DEBUG - >> Sorted Jaccard scores: [('saturation', 0.        , 1) ('hue', 0.06818182, 0)
 ('value', 0.50857145, 2)]
2025-08-08 21:35:20,093 - imanalysis - DEBUG - >> Cloud distribution: (3,), Sky distribution: (3,)
2025-08-08 21:35:20,095 - imanalysis - DEBUG - >> Jaccard scores: [('Y', 0.425     , 0) ('Cr', 0.16393442, 1) ('Cb', 0.16438356, 2)]
2025-08-08 21:35:20,095 - imanalysis - DEBUG - >> Sorted Jaccard scores: [('Cr', 0.16393442, 1) ('Cb', 0.16438356, 2) ('Y', 0.425     , 0)]
2025-08-08 21:35:20,140 - imanalysis - DEBUG - >> Cloud distribution: (3,), Sky distribution: (3,)
2025-08-08 21:35:20,142 - imanalysis - DEBUG - >> Jaccard scores: [('red', 0.21276596, 0) ('green', 0.5343915 , 1) ('blue', 0.50857145, 2)]
2025-08-08 21:35:20,142 - imanalysis - DEBUG - >> Sorted Jaccard scores: [('red', 0.21276596, 0) ('blue', 0.50857145, 2) ('green', 0.5343915 , 1)]
2025-08-08 21:35:20,166 - imanalysis - INFO - Starting ROC analysis for 3 color channels
2025-08-08 21:35:20,206 - imanalysis - DEBUG - Analyzing channel HSV index 1 for camera DSLR
2025-08-08 21:35:20,207 - imanalysis - DEBUG - Loading 30 strata directly to GPU
2025-08-08 21:35:20,207 - imanalysis - DEBUG - Analyzing channel RGB index 0 for camera DSLR
2025-08-08 21:35:20,207 - imanalysis - DEBUG - Loading 30 strata directly to GPU
2025-08-08 21:35:20,207 - imanalysis - DEBUG - Analyzing channel YCrCb index 1 for camera DSLR
2025-08-08 21:35:20,207 - imanalysis - DEBUG - Loading 30 strata directly to GPU
2025-08-08 21:35:24,051 - imanalysis - DEBUG - Transferred 270000 rows to GPU - GT: (270000, 400), Ref: (270000, 400, 3)
2025-08-08 21:35:24,053 - imanalysis - DEBUG - Transferred 270000 rows to GPU - GT: (270000, 400), Ref: (270000, 400, 3)
2025-08-08 21:35:24,056 - imanalysis - DEBUG - Transferred 270000 rows to GPU - GT: (270000, 400), Ref: (270000, 400, 3)
2025-08-08 21:35:24,065 - imanalysis - DEBUG - GPU batch loaded successfully
2025-08-08 21:35:24,067 - imanalysis - DEBUG - GPU batch loaded successfully
2025-08-08 21:35:24,072 - imanalysis - DEBUG - GPU batch loaded successfully
2025-08-08 21:35:24,242 - imanalysis - DEBUG - Processing boundary 2/325: [ 0 20]
2025-08-08 21:35:24,242 - imanalysis - DEBUG - Processing boundary 2/325: [ 0 20]
2025-08-08 21:35:24,242 - imanalysis - DEBUG - Processing boundary 2/325: [ 0 20]
2025-08-08 21:35:24,811 - imanalysis - DEBUG - Processing boundary 3/325: [ 0 30]
2025-08-08 21:35:24,812 - imanalysis - DEBUG - Processing boundary 3/325: [ 0 30]
2025-08-08 21:35:24,821 - imanalysis - DEBUG - Processing boundary 3/325: [ 0 30]
2025-08-08 21:35:25,311 - imanalysis - DEBUG - Processing boundary 4/325: [ 0 40]
2025-08-08 21:35:25,312 - imanalysis - DEBUG - Processing boundary 4/325: [ 0 40]
2025-08-08 21:35:25,333 - imanalysis - DEBUG - Processing boundary 4/325: [ 0 40]
2025-08-08 21:35:25,748 - imanalysis - DEBUG - Processing boundary 5/325: [ 0 50]
2025-08-08 21:35:25,752 - imanalysis - DEBUG - Processing boundary 5/325: [ 0 50]
2025-08-08 21:35:25,816 - imanalysis - DEBUG - Processing boundary 5/325: [ 0 50]
2025-08-08 21:35:26,163 - imanalysis - DEBUG - Processing boundary 6/325: [ 0 60]
2025-08-08 21:35:26,187 - imanalysis - DEBUG - Processing boundary 6/325: [ 0 60]
2025-08-08 21:35:26,309 - imanalysis - DEBUG - Processing boundary 6/325: [ 0 60]
2025-08-08 21:35:26,593 - imanalysis - DEBUG - Processing boundary 7/325: [ 0 70]
2025-08-08 21:35:26,664 - imanalysis - DEBUG - Processing boundary 7/325: [ 0 70]
2025-08-08 21:35:26,789 - imanalysis - DEBUG - Processing boundary 7/325: [ 0 70]
2025-08-08 21:35:26,994 - imanalysis - DEBUG - Processing boundary 8/325: [ 0 80]
2025-08-08 21:35:27,131 - imanalysis - DEBUG - Processing boundary 8/325: [ 0 80]
2025-08-08 21:35:27,233 - imanalysis - DEBUG - Processing boundary 8/325: [ 0 80]
2025-08-08 21:35:27,393 - imanalysis - DEBUG - Processing boundary 9/325: [ 0 90]
2025-08-08 21:35:27,564 - imanalysis - DEBUG - Processing boundary 9/325: [ 0 90]
2025-08-08 21:35:27,693 - imanalysis - DEBUG - Processing boundary 9/325: [ 0 90]
2025-08-08 21:35:27,831 - imanalysis - DEBUG - Processing boundary 10/325: [  0 100]
2025-08-08 21:35:27,986 - imanalysis - DEBUG - Processing boundary 10/325: [  0 100]
2025-08-08 21:35:28,146 - imanalysis - DEBUG - Processing boundary 10/325: [  0 100]
2025-08-08 21:35:28,288 - imanalysis - DEBUG - Processing boundary 11/325: [  0 110]
2025-08-08 21:35:28,438 - imanalysis - DEBUG - Processing boundary 11/325: [  0 110]
2025-08-08 21:35:28,590 - imanalysis - DEBUG - Processing boundary 11/325: [  0 110]
2025-08-08 21:35:28,734 - imanalysis - DEBUG - Processing boundary 12/325: [  0 120]
2025-08-08 21:35:28,877 - imanalysis - DEBUG - Processing boundary 12/325: [  0 120]
2025-08-08 21:35:29,027 - imanalysis - DEBUG - Processing boundary 12/325: [  0 120]
2025-08-08 21:35:29,182 - imanalysis - DEBUG - Processing boundary 13/325: [  0 130]
2025-08-08 21:35:29,330 - imanalysis - DEBUG - Processing boundary 13/325: [  0 130]
2025-08-08 21:35:29,487 - imanalysis - DEBUG - Processing boundary 13/325: [  0 130]
2025-08-08 21:35:29,635 - imanalysis - DEBUG - Processing boundary 14/325: [  0 140]
2025-08-08 21:35:29,786 - imanalysis - DEBUG - Processing boundary 14/325: [  0 140]
2025-08-08 21:35:29,932 - imanalysis - DEBUG - Processing boundary 14/325: [  0 140]
2025-08-08 21:35:30,079 - imanalysis - DEBUG - Processing boundary 15/325: [  0 150]
2025-08-08 21:35:30,229 - imanalysis - DEBUG - Processing boundary 15/325: [  0 150]
2025-08-08 21:35:30,377 - imanalysis - DEBUG - Processing boundary 15/325: [  0 150]
2025-08-08 21:35:30,525 - imanalysis - DEBUG - Processing boundary 16/325: [  0 160]
2025-08-08 21:35:30,672 - imanalysis - DEBUG - Processing boundary 16/325: [  0 160]
2025-08-08 21:35:30,815 - imanalysis - DEBUG - Processing boundary 16/325: [  0 160]
2025-08-08 21:35:30,967 - imanalysis - DEBUG - Processing boundary 17/325: [  0 170]
2025-08-08 21:35:31,131 - imanalysis - DEBUG - Processing boundary 17/325: [  0 170]
2025-08-08 21:35:31,271 - imanalysis - DEBUG - Processing boundary 17/325: [  0 170]
2025-08-08 21:35:31,421 - imanalysis - DEBUG - Processing boundary 18/325: [  0 180]
2025-08-08 21:35:31,575 - imanalysis - DEBUG - Processing boundary 18/325: [  0 180]
2025-08-08 21:35:31,753 - imanalysis - DEBUG - Processing boundary 18/325: [  0 180]
2025-08-08 21:35:31,891 - imanalysis - DEBUG - Processing boundary 19/325: [  0 190]
2025-08-08 21:35:32,050 - imanalysis - DEBUG - Processing boundary 19/325: [  0 190]
2025-08-08 21:35:32,210 - imanalysis - DEBUG - Processing boundary 19/325: [  0 190]
2025-08-08 21:35:32,363 - imanalysis - DEBUG - Processing boundary 20/325: [  0 200]
2025-08-08 21:35:32,508 - imanalysis - DEBUG - Processing boundary 20/325: [  0 200]
2025-08-08 21:35:32,679 - imanalysis - DEBUG - Processing boundary 20/325: [  0 200]
2025-08-08 21:35:32,825 - imanalysis - DEBUG - Processing boundary 21/325: [  0 210]
2025-08-08 21:35:32,962 - imanalysis - DEBUG - Processing boundary 21/325: [  0 210]
2025-08-08 21:35:33,144 - imanalysis - DEBUG - Processing boundary 21/325: [  0 210]
2025-08-08 21:35:33,368 - imanalysis - DEBUG - Processing boundary 22/325: [  0 220]
2025-08-08 21:35:33,549 - imanalysis - DEBUG - Processing boundary 22/325: [  0 220]
2025-08-08 21:35:33,727 - imanalysis - DEBUG - Processing boundary 22/325: [  0 220]
2025-08-08 21:35:33,944 - imanalysis - DEBUG - Processing boundary 23/325: [  0 230]
2025-08-08 21:35:34,103 - imanalysis - DEBUG - Processing boundary 23/325: [  0 230]
2025-08-08 21:35:34,255 - imanalysis - DEBUG - Processing boundary 23/325: [  0 230]
2025-08-08 21:35:34,424 - imanalysis - DEBUG - Processing boundary 24/325: [  0 240]
2025-08-08 21:35:34,595 - imanalysis - DEBUG - Processing boundary 24/325: [  0 240]
2025-08-08 21:35:34,843 - imanalysis - DEBUG - Processing boundary 24/325: [  0 240]
2025-08-08 21:35:35,009 - imanalysis - DEBUG - Processing boundary 25/325: [  0 250]
2025-08-08 21:35:35,180 - imanalysis - DEBUG - Processing boundary 25/325: [  0 250]
2025-08-08 21:35:35,412 - imanalysis - DEBUG - Processing boundary 25/325: [  0 250]
2025-08-08 21:35:35,551 - imanalysis - DEBUG - Processing boundary 26/325: [10 20]
2025-08-08 21:35:35,679 - imanalysis - DEBUG - Processing boundary 26/325: [10 20]
2025-08-08 21:35:35,833 - imanalysis - DEBUG - Processing boundary 26/325: [10 20]
2025-08-08 21:35:36,056 - imanalysis - DEBUG - Processing boundary 27/325: [10 30]
2025-08-08 21:35:36,250 - imanalysis - DEBUG - Processing boundary 27/325: [10 30]
2025-08-08 21:35:36,443 - imanalysis - DEBUG - Processing boundary 27/325: [10 30]
2025-08-08 21:35:36,658 - imanalysis - DEBUG - Processing boundary 28/325: [10 40]
2025-08-08 21:35:36,839 - imanalysis - DEBUG - Processing boundary 28/325: [10 40]
2025-08-08 21:35:37,016 - imanalysis - DEBUG - Processing boundary 28/325: [10 40]
2025-08-08 21:35:37,183 - imanalysis - DEBUG - Processing boundary 29/325: [10 50]
2025-08-08 21:35:37,324 - imanalysis - DEBUG - Processing boundary 29/325: [10 50]
2025-08-08 21:35:37,466 - imanalysis - DEBUG - Processing boundary 29/325: [10 50]
2025-08-08 21:35:37,613 - imanalysis - DEBUG - Processing boundary 30/325: [10 60]
2025-08-08 21:35:37,762 - imanalysis - DEBUG - Processing boundary 30/325: [10 60]
2025-08-08 21:35:37,905 - imanalysis - DEBUG - Processing boundary 30/325: [10 60]
2025-08-08 21:35:38,058 - imanalysis - DEBUG - Processing boundary 31/325: [10 70]
2025-08-08 21:35:38,207 - imanalysis - DEBUG - Processing boundary 31/325: [10 70]
2025-08-08 21:35:38,351 - imanalysis - DEBUG - Processing boundary 31/325: [10 70]
2025-08-08 21:35:38,501 - imanalysis - DEBUG - Processing boundary 32/325: [10 80]
2025-08-08 21:35:38,649 - imanalysis - DEBUG - Processing boundary 32/325: [10 80]
2025-08-08 21:35:38,794 - imanalysis - DEBUG - Processing boundary 32/325: [10 80]
2025-08-08 21:35:38,942 - imanalysis - DEBUG - Processing boundary 33/325: [10 90]
2025-08-08 21:35:39,089 - imanalysis - DEBUG - Processing boundary 33/325: [10 90]
2025-08-08 21:35:39,239 - imanalysis - DEBUG - Processing boundary 33/325: [10 90]
2025-08-08 21:35:39,386 - imanalysis - DEBUG - Processing boundary 34/325: [ 10 100]
2025-08-08 21:35:39,545 - imanalysis - DEBUG - Processing boundary 34/325: [ 10 100]
2025-08-08 21:35:39,691 - imanalysis - DEBUG - Processing boundary 34/325: [ 10 100]
2025-08-08 21:35:39,837 - imanalysis - DEBUG - Processing boundary 35/325: [ 10 110]
2025-08-08 21:35:39,984 - imanalysis - DEBUG - Processing boundary 35/325: [ 10 110]
2025-08-08 21:35:40,135 - imanalysis - DEBUG - Processing boundary 35/325: [ 10 110]
2025-08-08 21:35:40,310 - imanalysis - DEBUG - Processing boundary 36/325: [ 10 120]
2025-08-08 21:35:40,450 - imanalysis - DEBUG - Processing boundary 36/325: [ 10 120]
2025-08-08 21:35:40,598 - imanalysis - DEBUG - Processing boundary 36/325: [ 10 120]
2025-08-08 21:35:40,746 - imanalysis - DEBUG - Processing boundary 37/325: [ 10 130]
2025-08-08 21:35:40,887 - imanalysis - DEBUG - Processing boundary 37/325: [ 10 130]
2025-08-08 21:35:41,033 - imanalysis - DEBUG - Processing boundary 37/325: [ 10 130]
2025-08-08 21:35:41,184 - imanalysis - DEBUG - Processing boundary 38/325: [ 10 140]
2025-08-08 21:35:41,330 - imanalysis - DEBUG - Processing boundary 38/325: [ 10 140]
2025-08-08 21:35:41,468 - imanalysis - DEBUG - Processing boundary 38/325: [ 10 140]
2025-08-08 21:35:41,619 - imanalysis - DEBUG - Processing boundary 39/325: [ 10 150]
2025-08-08 21:35:41,762 - imanalysis - DEBUG - Processing boundary 39/325: [ 10 150]
2025-08-08 21:35:41,909 - imanalysis - DEBUG - Processing boundary 39/325: [ 10 150]
2025-08-08 21:35:42,057 - imanalysis - DEBUG - Processing boundary 40/325: [ 10 160]
2025-08-08 21:35:42,208 - imanalysis - DEBUG - Processing boundary 40/325: [ 10 160]
2025-08-08 21:35:42,350 - imanalysis - DEBUG - Processing boundary 40/325: [ 10 160]
2025-08-08 21:35:42,500 - imanalysis - DEBUG - Processing boundary 41/325: [ 10 170]
2025-08-08 21:35:42,643 - imanalysis - DEBUG - Processing boundary 41/325: [ 10 170]
2025-08-08 21:35:42,786 - imanalysis - DEBUG - Processing boundary 41/325: [ 10 170]
2025-08-08 21:35:42,935 - imanalysis - DEBUG - Processing boundary 42/325: [ 10 180]
2025-08-08 21:35:43,080 - imanalysis - DEBUG - Processing boundary 42/325: [ 10 180]
2025-08-08 21:35:43,230 - imanalysis - DEBUG - Processing boundary 42/325: [ 10 180]
2025-08-08 21:35:43,374 - imanalysis - DEBUG - Processing boundary 43/325: [ 10 190]
2025-08-08 21:35:43,518 - imanalysis - DEBUG - Processing boundary 43/325: [ 10 190]
2025-08-08 21:35:43,663 - imanalysis - DEBUG - Processing boundary 43/325: [ 10 190]
2025-08-08 21:35:43,811 - imanalysis - DEBUG - Processing boundary 44/325: [ 10 200]
2025-08-08 21:35:43,965 - imanalysis - DEBUG - Processing boundary 44/325: [ 10 200]
2025-08-08 21:35:44,112 - imanalysis - DEBUG - Processing boundary 44/325: [ 10 200]
2025-08-08 21:35:44,258 - imanalysis - DEBUG - Processing boundary 45/325: [ 10 210]
2025-08-08 21:35:44,404 - imanalysis - DEBUG - Processing boundary 45/325: [ 10 210]
2025-08-08 21:35:44,550 - imanalysis - DEBUG - Processing boundary 45/325: [ 10 210]
2025-08-08 21:35:44,697 - imanalysis - DEBUG - Processing boundary 46/325: [ 10 220]
2025-08-08 21:35:44,852 - imanalysis - DEBUG - Processing boundary 46/325: [ 10 220]
2025-08-08 21:35:44,997 - imanalysis - DEBUG - Processing boundary 46/325: [ 10 220]
2025-08-08 21:35:45,146 - imanalysis - DEBUG - Processing boundary 47/325: [ 10 230]
2025-08-08 21:35:45,292 - imanalysis - DEBUG - Processing boundary 47/325: [ 10 230]
2025-08-08 21:35:45,444 - imanalysis - DEBUG - Processing boundary 47/325: [ 10 230]
2025-08-08 21:35:45,587 - imanalysis - DEBUG - Processing boundary 48/325: [ 10 240]
2025-08-08 21:35:45,732 - imanalysis - DEBUG - Processing boundary 48/325: [ 10 240]
2025-08-08 21:35:45,876 - imanalysis - DEBUG - Processing boundary 48/325: [ 10 240]
2025-08-08 21:35:46,025 - imanalysis - DEBUG - Processing boundary 49/325: [ 10 250]
2025-08-08 21:35:46,176 - imanalysis - DEBUG - Processing boundary 49/325: [ 10 250]
2025-08-08 21:35:46,323 - imanalysis - DEBUG - Processing boundary 49/325: [ 10 250]
2025-08-08 21:35:46,465 - imanalysis - DEBUG - Processing boundary 50/325: [20 30]
2025-08-08 21:35:46,610 - imanalysis - DEBUG - Processing boundary 50/325: [20 30]
2025-08-08 21:35:46,760 - imanalysis - DEBUG - Processing boundary 50/325: [20 30]
2025-08-08 21:35:46,907 - imanalysis - DEBUG - Processing boundary 51/325: [20 40]
2025-08-08 21:35:47,054 - imanalysis - DEBUG - Processing boundary 51/325: [20 40]
2025-08-08 21:35:47,201 - imanalysis - DEBUG - Processing boundary 51/325: [20 40]
2025-08-08 21:35:47,350 - imanalysis - DEBUG - Processing boundary 52/325: [20 50]
2025-08-08 21:35:47,490 - imanalysis - DEBUG - Processing boundary 52/325: [20 50]
2025-08-08 21:35:47,634 - imanalysis - DEBUG - Processing boundary 52/325: [20 50]
2025-08-08 21:35:47,789 - imanalysis - DEBUG - Processing boundary 53/325: [20 60]
2025-08-08 21:35:47,932 - imanalysis - DEBUG - Processing boundary 53/325: [20 60]
2025-08-08 21:35:48,078 - imanalysis - DEBUG - Processing boundary 53/325: [20 60]
2025-08-08 21:35:48,229 - imanalysis - DEBUG - Processing boundary 54/325: [20 70]
2025-08-08 21:35:48,374 - imanalysis - DEBUG - Processing boundary 54/325: [20 70]
2025-08-08 21:35:48,516 - imanalysis - DEBUG - Processing boundary 54/325: [20 70]
2025-08-08 21:35:48,660 - imanalysis - DEBUG - Processing boundary 55/325: [20 80]
2025-08-08 21:35:48,804 - imanalysis - DEBUG - Processing boundary 55/325: [20 80]
2025-08-08 21:35:48,950 - imanalysis - DEBUG - Processing boundary 55/325: [20 80]
2025-08-08 21:35:49,097 - imanalysis - DEBUG - Processing boundary 56/325: [20 90]
2025-08-08 21:35:49,285 - imanalysis - DEBUG - Processing boundary 56/325: [20 90]
2025-08-08 21:35:49,424 - imanalysis - DEBUG - Processing boundary 56/325: [20 90]
2025-08-08 21:35:49,561 - imanalysis - DEBUG - Processing boundary 57/325: [ 20 100]
2025-08-08 21:35:49,708 - imanalysis - DEBUG - Processing boundary 57/325: [ 20 100]
2025-08-08 21:35:49,858 - imanalysis - DEBUG - Processing boundary 57/325: [ 20 100]
2025-08-08 21:35:50,001 - imanalysis - DEBUG - Processing boundary 58/325: [ 20 110]
2025-08-08 21:35:50,148 - imanalysis - DEBUG - Processing boundary 58/325: [ 20 110]
2025-08-08 21:35:50,295 - imanalysis - DEBUG - Processing boundary 58/325: [ 20 110]
2025-08-08 21:35:50,442 - imanalysis - DEBUG - Processing boundary 59/325: [ 20 120]
2025-08-08 21:35:50,577 - imanalysis - DEBUG - Processing boundary 59/325: [ 20 120]
2025-08-08 21:35:50,716 - imanalysis - DEBUG - Processing boundary 59/325: [ 20 120]
2025-08-08 21:35:50,860 - imanalysis - DEBUG - Processing boundary 60/325: [ 20 130]
2025-08-08 21:35:51,002 - imanalysis - DEBUG - Processing boundary 60/325: [ 20 130]
2025-08-08 21:35:51,145 - imanalysis - DEBUG - Processing boundary 60/325: [ 20 130]
2025-08-08 21:35:51,292 - imanalysis - DEBUG - Processing boundary 61/325: [ 20 140]
2025-08-08 21:35:51,435 - imanalysis - DEBUG - Processing boundary 61/325: [ 20 140]
2025-08-08 21:35:51,580 - imanalysis - DEBUG - Processing boundary 61/325: [ 20 140]
2025-08-08 21:35:51,724 - imanalysis - DEBUG - Processing boundary 62/325: [ 20 150]
2025-08-08 21:35:51,870 - imanalysis - DEBUG - Processing boundary 62/325: [ 20 150]
2025-08-08 21:35:52,017 - imanalysis - DEBUG - Processing boundary 62/325: [ 20 150]
2025-08-08 21:35:52,160 - imanalysis - DEBUG - Processing boundary 63/325: [ 20 160]
2025-08-08 21:35:52,299 - imanalysis - DEBUG - Processing boundary 63/325: [ 20 160]
2025-08-08 21:35:52,446 - imanalysis - DEBUG - Processing boundary 63/325: [ 20 160]
2025-08-08 21:35:52,591 - imanalysis - DEBUG - Processing boundary 64/325: [ 20 170]
2025-08-08 21:35:52,729 - imanalysis - DEBUG - Processing boundary 64/325: [ 20 170]
2025-08-08 21:35:52,870 - imanalysis - DEBUG - Processing boundary 64/325: [ 20 170]
2025-08-08 21:35:53,018 - imanalysis - DEBUG - Processing boundary 65/325: [ 20 180]
2025-08-08 21:35:53,171 - imanalysis - DEBUG - Processing boundary 65/325: [ 20 180]
2025-08-08 21:35:53,312 - imanalysis - DEBUG - Processing boundary 65/325: [ 20 180]
2025-08-08 21:35:53,456 - imanalysis - DEBUG - Processing boundary 66/325: [ 20 190]
2025-08-08 21:35:53,603 - imanalysis - DEBUG - Processing boundary 66/325: [ 20 190]
2025-08-08 21:35:53,745 - imanalysis - DEBUG - Processing boundary 66/325: [ 20 190]
2025-08-08 21:35:53,886 - imanalysis - DEBUG - Processing boundary 67/325: [ 20 200]
2025-08-08 21:35:54,034 - imanalysis - DEBUG - Processing boundary 67/325: [ 20 200]
2025-08-08 21:35:54,183 - imanalysis - DEBUG - Processing boundary 67/325: [ 20 200]
2025-08-08 21:35:54,325 - imanalysis - DEBUG - Processing boundary 68/325: [ 20 210]
2025-08-08 21:35:54,465 - imanalysis - DEBUG - Processing boundary 68/325: [ 20 210]
2025-08-08 21:35:54,611 - imanalysis - DEBUG - Processing boundary 68/325: [ 20 210]
2025-08-08 21:35:54,760 - imanalysis - DEBUG - Processing boundary 69/325: [ 20 220]
2025-08-08 21:35:54,900 - imanalysis - DEBUG - Processing boundary 69/325: [ 20 220]
2025-08-08 21:35:55,041 - imanalysis - DEBUG - Processing boundary 69/325: [ 20 220]
2025-08-08 21:35:55,188 - imanalysis - DEBUG - Processing boundary 70/325: [ 20 230]
2025-08-08 21:35:55,335 - imanalysis - DEBUG - Processing boundary 70/325: [ 20 230]
2025-08-08 21:35:55,477 - imanalysis - DEBUG - Processing boundary 70/325: [ 20 230]
2025-08-08 21:35:55,623 - imanalysis - DEBUG - Processing boundary 71/325: [ 20 240]
2025-08-08 21:35:55,765 - imanalysis - DEBUG - Processing boundary 71/325: [ 20 240]
2025-08-08 21:35:55,911 - imanalysis - DEBUG - Processing boundary 71/325: [ 20 240]
2025-08-08 21:35:56,057 - imanalysis - DEBUG - Processing boundary 72/325: [ 20 250]
2025-08-08 21:35:56,199 - imanalysis - DEBUG - Processing boundary 72/325: [ 20 250]
2025-08-08 21:35:56,341 - imanalysis - DEBUG - Processing boundary 72/325: [ 20 250]
2025-08-08 21:35:56,487 - imanalysis - DEBUG - Processing boundary 73/325: [30 40]
2025-08-08 21:35:56,635 - imanalysis - DEBUG - Processing boundary 73/325: [30 40]
2025-08-08 21:35:56,790 - imanalysis - DEBUG - Processing boundary 73/325: [30 40]
2025-08-08 21:35:56,933 - imanalysis - DEBUG - Processing boundary 74/325: [30 50]
2025-08-08 21:35:57,068 - imanalysis - DEBUG - Processing boundary 74/325: [30 50]
2025-08-08 21:35:57,214 - imanalysis - DEBUG - Processing boundary 74/325: [30 50]
2025-08-08 21:35:57,362 - imanalysis - DEBUG - Processing boundary 75/325: [30 60]
2025-08-08 21:35:57,507 - imanalysis - DEBUG - Processing boundary 75/325: [30 60]
2025-08-08 21:35:57,653 - imanalysis - DEBUG - Processing boundary 75/325: [30 60]
2025-08-08 21:35:57,799 - imanalysis - DEBUG - Processing boundary 76/325: [30 70]
2025-08-08 21:35:57,989 - imanalysis - DEBUG - Processing boundary 76/325: [30 70]
2025-08-08 21:35:58,133 - imanalysis - DEBUG - Processing boundary 76/325: [30 70]
2025-08-08 21:35:58,267 - imanalysis - DEBUG - Processing boundary 77/325: [30 80]
2025-08-08 21:35:58,415 - imanalysis - DEBUG - Processing boundary 77/325: [30 80]
2025-08-08 21:35:58,567 - imanalysis - DEBUG - Processing boundary 77/325: [30 80]
2025-08-08 21:35:58,709 - imanalysis - DEBUG - Processing boundary 78/325: [30 90]
2025-08-08 21:35:58,850 - imanalysis - DEBUG - Processing boundary 78/325: [30 90]
2025-08-08 21:35:58,999 - imanalysis - DEBUG - Processing boundary 78/325: [30 90]
2025-08-08 21:35:59,195 - imanalysis - DEBUG - Processing boundary 79/325: [ 30 100]
2025-08-08 21:35:59,348 - imanalysis - DEBUG - Processing boundary 79/325: [ 30 100]
2025-08-08 21:35:59,518 - imanalysis - DEBUG - Processing boundary 79/325: [ 30 100]
2025-08-08 21:35:59,692 - imanalysis - DEBUG - Processing boundary 80/325: [ 30 110]
2025-08-08 21:35:59,842 - imanalysis - DEBUG - Processing boundary 80/325: [ 30 110]
2025-08-08 21:35:59,974 - imanalysis - DEBUG - Processing boundary 80/325: [ 30 110]
2025-08-08 21:36:00,112 - imanalysis - DEBUG - Processing boundary 81/325: [ 30 120]
2025-08-08 21:36:00,264 - imanalysis - DEBUG - Processing boundary 81/325: [ 30 120]
2025-08-08 21:36:00,451 - imanalysis - DEBUG - Processing boundary 81/325: [ 30 120]
2025-08-08 21:36:00,569 - imanalysis - DEBUG - Processing boundary 82/325: [ 30 130]
2025-08-08 21:36:00,686 - imanalysis - DEBUG - Processing boundary 82/325: [ 30 130]
2025-08-08 21:36:00,833 - imanalysis - DEBUG - Processing boundary 82/325: [ 30 130]
2025-08-08 21:36:00,980 - imanalysis - DEBUG - Processing boundary 83/325: [ 30 140]
2025-08-08 21:36:01,114 - imanalysis - DEBUG - Processing boundary 83/325: [ 30 140]
2025-08-08 21:36:01,238 - imanalysis - DEBUG - Processing boundary 83/325: [ 30 140]
2025-08-08 21:36:01,377 - imanalysis - DEBUG - Processing boundary 84/325: [ 30 150]
2025-08-08 21:36:01,522 - imanalysis - DEBUG - Processing boundary 84/325: [ 30 150]
2025-08-08 21:36:01,658 - imanalysis - DEBUG - Processing boundary 84/325: [ 30 150]
2025-08-08 21:36:01,790 - imanalysis - DEBUG - Processing boundary 85/325: [ 30 160]
2025-08-08 21:36:01,925 - imanalysis - DEBUG - Processing boundary 85/325: [ 30 160]
2025-08-08 21:36:02,069 - imanalysis - DEBUG - Processing boundary 85/325: [ 30 160]
2025-08-08 21:36:02,209 - imanalysis - DEBUG - Processing boundary 86/325: [ 30 170]
2025-08-08 21:36:02,337 - imanalysis - DEBUG - Processing boundary 86/325: [ 30 170]
2025-08-08 21:36:02,478 - imanalysis - DEBUG - Processing boundary 86/325: [ 30 170]
2025-08-08 21:36:02,619 - imanalysis - DEBUG - Processing boundary 87/325: [ 30 180]
2025-08-08 21:36:02,751 - imanalysis - DEBUG - Processing boundary 87/325: [ 30 180]
2025-08-08 21:36:02,891 - imanalysis - DEBUG - Processing boundary 87/325: [ 30 180]
2025-08-08 21:36:03,026 - imanalysis - DEBUG - Processing boundary 88/325: [ 30 190]
2025-08-08 21:36:03,178 - imanalysis - DEBUG - Processing boundary 88/325: [ 30 190]
2025-08-08 21:36:03,308 - imanalysis - DEBUG - Processing boundary 88/325: [ 30 190]
2025-08-08 21:36:03,441 - imanalysis - DEBUG - Processing boundary 89/325: [ 30 200]
2025-08-08 21:36:03,581 - imanalysis - DEBUG - Processing boundary 89/325: [ 30 200]
2025-08-08 21:36:03,719 - imanalysis - DEBUG - Processing boundary 89/325: [ 30 200]
2025-08-08 21:36:03,847 - imanalysis - DEBUG - Processing boundary 90/325: [ 30 210]
2025-08-08 21:36:03,984 - imanalysis - DEBUG - Processing boundary 90/325: [ 30 210]
2025-08-08 21:36:04,125 - imanalysis - DEBUG - Processing boundary 90/325: [ 30 210]
2025-08-08 21:36:04,263 - imanalysis - DEBUG - Processing boundary 91/325: [ 30 220]
2025-08-08 21:36:04,399 - imanalysis - DEBUG - Processing boundary 91/325: [ 30 220]
2025-08-08 21:36:04,534 - imanalysis - DEBUG - Processing boundary 91/325: [ 30 220]
2025-08-08 21:36:04,675 - imanalysis - DEBUG - Processing boundary 92/325: [ 30 230]
2025-08-08 21:36:04,807 - imanalysis - DEBUG - Processing boundary 92/325: [ 30 230]
2025-08-08 21:36:04,941 - imanalysis - DEBUG - Processing boundary 92/325: [ 30 230]
2025-08-08 21:36:05,082 - imanalysis - DEBUG - Processing boundary 93/325: [ 30 240]
2025-08-08 21:36:05,214 - imanalysis - DEBUG - Processing boundary 93/325: [ 30 240]
2025-08-08 21:36:05,346 - imanalysis - DEBUG - Processing boundary 93/325: [ 30 240]
2025-08-08 21:36:05,481 - imanalysis - DEBUG - Processing boundary 94/325: [ 30 250]
2025-08-08 21:36:05,614 - imanalysis - DEBUG - Processing boundary 94/325: [ 30 250]
2025-08-08 21:36:05,747 - imanalysis - DEBUG - Processing boundary 94/325: [ 30 250]
2025-08-08 21:36:05,880 - imanalysis - DEBUG - Processing boundary 95/325: [40 50]
2025-08-08 21:36:06,017 - imanalysis - DEBUG - Processing boundary 95/325: [40 50]
2025-08-08 21:36:06,156 - imanalysis - DEBUG - Processing boundary 95/325: [40 50]
2025-08-08 21:36:06,285 - imanalysis - DEBUG - Processing boundary 96/325: [40 60]
2025-08-08 21:36:06,414 - imanalysis - DEBUG - Processing boundary 96/325: [40 60]
2025-08-08 21:36:06,612 - imanalysis - DEBUG - Processing boundary 96/325: [40 60]
2025-08-08 21:36:06,712 - imanalysis - DEBUG - Processing boundary 97/325: [40 70]
2025-08-08 21:36:06,849 - imanalysis - DEBUG - Processing boundary 97/325: [40 70]
2025-08-08 21:36:07,015 - imanalysis - DEBUG - Processing boundary 97/325: [40 70]
2025-08-08 21:36:07,112 - imanalysis - DEBUG - Processing boundary 98/325: [40 80]
2025-08-08 21:36:07,254 - imanalysis - DEBUG - Processing boundary 98/325: [40 80]
2025-08-08 21:36:07,417 - imanalysis - DEBUG - Processing boundary 98/325: [40 80]
2025-08-08 21:36:07,508 - imanalysis - DEBUG - Processing boundary 99/325: [40 90]
2025-08-08 21:36:07,659 - imanalysis - DEBUG - Processing boundary 99/325: [40 90]
2025-08-08 21:36:07,814 - imanalysis - DEBUG - Processing boundary 99/325: [40 90]
2025-08-08 21:36:07,904 - imanalysis - DEBUG - Processing boundary 100/325: [ 40 100]
2025-08-08 21:36:08,065 - imanalysis - DEBUG - Processing boundary 100/325: [ 40 100]
2025-08-08 21:36:08,219 - imanalysis - DEBUG - Processing boundary 100/325: [ 40 100]
2025-08-08 21:36:08,308 - imanalysis - DEBUG - Processing boundary 101/325: [ 40 110]
2025-08-08 21:36:08,480 - imanalysis - DEBUG - Processing boundary 101/325: [ 40 110]
2025-08-08 21:36:08,617 - imanalysis - DEBUG - Processing boundary 101/325: [ 40 110]
2025-08-08 21:36:08,700 - imanalysis - DEBUG - Processing boundary 102/325: [ 40 120]
2025-08-08 21:36:08,891 - imanalysis - DEBUG - Processing boundary 102/325: [ 40 120]
2025-08-08 21:36:09,022 - imanalysis - DEBUG - Processing boundary 102/325: [ 40 120]
2025-08-08 21:36:09,104 - imanalysis - DEBUG - Processing boundary 103/325: [ 40 130]
2025-08-08 21:36:09,311 - imanalysis - DEBUG - Processing boundary 103/325: [ 40 130]
2025-08-08 21:36:09,426 - imanalysis - DEBUG - Processing boundary 103/325: [ 40 130]
2025-08-08 21:36:09,515 - imanalysis - DEBUG - Processing boundary 104/325: [ 40 140]
2025-08-08 21:36:09,711 - imanalysis - DEBUG - Processing boundary 104/325: [ 40 140]
2025-08-08 21:36:09,820 - imanalysis - DEBUG - Processing boundary 104/325: [ 40 140]
2025-08-08 21:36:09,912 - imanalysis - DEBUG - Processing boundary 105/325: [ 40 150]
2025-08-08 21:36:10,117 - imanalysis - DEBUG - Processing boundary 105/325: [ 40 150]
2025-08-08 21:36:10,218 - imanalysis - DEBUG - Processing boundary 105/325: [ 40 150]
2025-08-08 21:36:10,310 - imanalysis - DEBUG - Processing boundary 106/325: [ 40 160]
2025-08-08 21:36:10,520 - imanalysis - DEBUG - Processing boundary 106/325: [ 40 160]
2025-08-08 21:36:10,617 - imanalysis - DEBUG - Processing boundary 106/325: [ 40 160]
2025-08-08 21:36:10,716 - imanalysis - DEBUG - Processing boundary 107/325: [ 40 170]
2025-08-08 21:36:10,922 - imanalysis - DEBUG - Processing boundary 107/325: [ 40 170]
2025-08-08 21:36:11,014 - imanalysis - DEBUG - Processing boundary 107/325: [ 40 170]
2025-08-08 21:36:11,129 - imanalysis - DEBUG - Processing boundary 108/325: [ 40 180]
2025-08-08 21:36:11,329 - imanalysis - DEBUG - Processing boundary 108/325: [ 40 180]
2025-08-08 21:36:11,414 - imanalysis - DEBUG - Processing boundary 108/325: [ 40 180]
2025-08-08 21:36:11,536 - imanalysis - DEBUG - Processing boundary 109/325: [ 40 190]
2025-08-08 21:36:11,734 - imanalysis - DEBUG - Processing boundary 109/325: [ 40 190]
2025-08-08 21:36:11,819 - imanalysis - DEBUG - Processing boundary 109/325: [ 40 190]
2025-08-08 21:36:11,945 - imanalysis - DEBUG - Processing boundary 110/325: [ 40 200]
2025-08-08 21:36:12,140 - imanalysis - DEBUG - Processing boundary 110/325: [ 40 200]
2025-08-08 21:36:12,227 - imanalysis - DEBUG - Processing boundary 110/325: [ 40 200]
2025-08-08 21:36:12,351 - imanalysis - DEBUG - Processing boundary 111/325: [ 40 210]
2025-08-08 21:36:12,546 - imanalysis - DEBUG - Processing boundary 111/325: [ 40 210]
2025-08-08 21:36:12,657 - imanalysis - DEBUG - Processing boundary 111/325: [ 40 210]
2025-08-08 21:36:12,789 - imanalysis - DEBUG - Processing boundary 112/325: [ 40 220]
2025-08-08 21:36:12,989 - imanalysis - DEBUG - Processing boundary 112/325: [ 40 220]
2025-08-08 21:36:13,073 - imanalysis - DEBUG - Processing boundary 112/325: [ 40 220]
2025-08-08 21:36:13,216 - imanalysis - DEBUG - Processing boundary 113/325: [ 40 230]
2025-08-08 21:36:13,401 - imanalysis - DEBUG - Processing boundary 113/325: [ 40 230]
2025-08-08 21:36:13,484 - imanalysis - DEBUG - Processing boundary 113/325: [ 40 230]
2025-08-08 21:36:13,624 - imanalysis - DEBUG - Processing boundary 114/325: [ 40 240]
2025-08-08 21:36:13,808 - imanalysis - DEBUG - Processing boundary 114/325: [ 40 240]
2025-08-08 21:36:13,883 - imanalysis - DEBUG - Processing boundary 114/325: [ 40 240]
2025-08-08 21:36:14,036 - imanalysis - DEBUG - Processing boundary 115/325: [ 40 250]
2025-08-08 21:36:14,219 - imanalysis - DEBUG - Processing boundary 115/325: [ 40 250]
2025-08-08 21:36:14,291 - imanalysis - DEBUG - Processing boundary 115/325: [ 40 250]
2025-08-08 21:36:14,450 - imanalysis - DEBUG - Processing boundary 116/325: [50 60]
2025-08-08 21:36:14,624 - imanalysis - DEBUG - Processing boundary 116/325: [50 60]
2025-08-08 21:36:14,691 - imanalysis - DEBUG - Processing boundary 116/325: [50 60]
2025-08-08 21:36:14,855 - imanalysis - DEBUG - Processing boundary 117/325: [50 70]
2025-08-08 21:36:15,025 - imanalysis - DEBUG - Processing boundary 117/325: [50 70]
2025-08-08 21:36:15,084 - imanalysis - DEBUG - Processing boundary 117/325: [50 70]
2025-08-08 21:36:15,265 - imanalysis - DEBUG - Processing boundary 118/325: [50 80]
2025-08-08 21:36:15,436 - imanalysis - DEBUG - Processing boundary 118/325: [50 80]
2025-08-08 21:36:15,486 - imanalysis - DEBUG - Processing boundary 118/325: [50 80]
2025-08-08 21:36:15,677 - imanalysis - DEBUG - Processing boundary 119/325: [50 90]
2025-08-08 21:36:15,838 - imanalysis - DEBUG - Processing boundary 119/325: [50 90]
2025-08-08 21:36:15,885 - imanalysis - DEBUG - Processing boundary 119/325: [50 90]
2025-08-08 21:36:16,093 - imanalysis - DEBUG - Processing boundary 120/325: [ 50 100]
2025-08-08 21:36:16,245 - imanalysis - DEBUG - Processing boundary 120/325: [ 50 100]
2025-08-08 21:36:16,291 - imanalysis - DEBUG - Processing boundary 120/325: [ 50 100]
2025-08-08 21:36:16,501 - imanalysis - DEBUG - Processing boundary 121/325: [ 50 110]
2025-08-08 21:36:16,648 - imanalysis - DEBUG - Processing boundary 121/325: [ 50 110]
2025-08-08 21:36:16,697 - imanalysis - DEBUG - Processing boundary 121/325: [ 50 110]
2025-08-08 21:36:16,912 - imanalysis - DEBUG - Processing boundary 122/325: [ 50 120]
2025-08-08 21:36:17,057 - imanalysis - DEBUG - Processing boundary 122/325: [ 50 120]
2025-08-08 21:36:17,109 - imanalysis - DEBUG - Processing boundary 122/325: [ 50 120]
2025-08-08 21:36:17,325 - imanalysis - DEBUG - Processing boundary 123/325: [ 50 130]
2025-08-08 21:36:17,467 - imanalysis - DEBUG - Processing boundary 123/325: [ 50 130]
2025-08-08 21:36:17,515 - imanalysis - DEBUG - Processing boundary 123/325: [ 50 130]
2025-08-08 21:36:17,739 - imanalysis - DEBUG - Processing boundary 124/325: [ 50 140]
2025-08-08 21:36:17,875 - imanalysis - DEBUG - Processing boundary 124/325: [ 50 140]
2025-08-08 21:36:17,924 - imanalysis - DEBUG - Processing boundary 124/325: [ 50 140]
2025-08-08 21:36:18,167 - imanalysis - DEBUG - Processing boundary 125/325: [ 50 150]
2025-08-08 21:36:18,291 - imanalysis - DEBUG - Processing boundary 125/325: [ 50 150]
2025-08-08 21:36:18,342 - imanalysis - DEBUG - Processing boundary 125/325: [ 50 150]
2025-08-08 21:36:18,586 - imanalysis - DEBUG - Processing boundary 126/325: [ 50 160]
2025-08-08 21:36:18,696 - imanalysis - DEBUG - Processing boundary 126/325: [ 50 160]
2025-08-08 21:36:18,747 - imanalysis - DEBUG - Processing boundary 126/325: [ 50 160]
2025-08-08 21:36:19,001 - imanalysis - DEBUG - Processing boundary 127/325: [ 50 170]
2025-08-08 21:36:19,109 - imanalysis - DEBUG - Processing boundary 127/325: [ 50 170]
2025-08-08 21:36:19,163 - imanalysis - DEBUG - Processing boundary 127/325: [ 50 170]
2025-08-08 21:36:19,418 - imanalysis - DEBUG - Processing boundary 128/325: [ 50 180]
2025-08-08 21:36:19,517 - imanalysis - DEBUG - Processing boundary 128/325: [ 50 180]
2025-08-08 21:36:19,568 - imanalysis - DEBUG - Processing boundary 128/325: [ 50 180]
2025-08-08 21:36:19,833 - imanalysis - DEBUG - Processing boundary 129/325: [ 50 190]
2025-08-08 21:36:19,922 - imanalysis - DEBUG - Processing boundary 129/325: [ 50 190]
2025-08-08 21:36:19,974 - imanalysis - DEBUG - Processing boundary 129/325: [ 50 190]
2025-08-08 21:36:20,245 - imanalysis - DEBUG - Processing boundary 130/325: [ 50 200]
2025-08-08 21:36:20,328 - imanalysis - DEBUG - Processing boundary 130/325: [ 50 200]
2025-08-08 21:36:20,390 - imanalysis - DEBUG - Processing boundary 130/325: [ 50 200]
2025-08-08 21:36:20,656 - imanalysis - DEBUG - Processing boundary 131/325: [ 50 210]
2025-08-08 21:36:20,737 - imanalysis - DEBUG - Processing boundary 131/325: [ 50 210]
2025-08-08 21:36:20,803 - imanalysis - DEBUG - Processing boundary 131/325: [ 50 210]
2025-08-08 21:36:21,069 - imanalysis - DEBUG - Processing boundary 132/325: [ 50 220]
2025-08-08 21:36:21,147 - imanalysis - DEBUG - Processing boundary 132/325: [ 50 220]
2025-08-08 21:36:21,219 - imanalysis - DEBUG - Processing boundary 132/325: [ 50 220]
2025-08-08 21:36:21,476 - imanalysis - DEBUG - Processing boundary 133/325: [ 50 230]
2025-08-08 21:36:21,549 - imanalysis - DEBUG - Processing boundary 133/325: [ 50 230]
2025-08-08 21:36:21,618 - imanalysis - DEBUG - Processing boundary 133/325: [ 50 230]
2025-08-08 21:36:21,879 - imanalysis - DEBUG - Processing boundary 134/325: [ 50 240]
2025-08-08 21:36:21,949 - imanalysis - DEBUG - Processing boundary 134/325: [ 50 240]
2025-08-08 21:36:22,036 - imanalysis - DEBUG - Processing boundary 134/325: [ 50 240]
2025-08-08 21:36:22,311 - imanalysis - DEBUG - Processing boundary 135/325: [ 50 250]
2025-08-08 21:36:22,415 - imanalysis - DEBUG - Processing boundary 135/325: [ 50 250]
2025-08-08 21:36:22,459 - imanalysis - DEBUG - Processing boundary 135/325: [ 50 250]
2025-08-08 21:36:22,721 - imanalysis - DEBUG - Processing boundary 136/325: [60 70]
2025-08-08 21:36:22,814 - imanalysis - DEBUG - Processing boundary 136/325: [60 70]
2025-08-08 21:36:22,860 - imanalysis - DEBUG - Processing boundary 136/325: [60 70]
2025-08-08 21:36:23,141 - imanalysis - DEBUG - Processing boundary 137/325: [60 80]
2025-08-08 21:36:23,227 - imanalysis - DEBUG - Processing boundary 137/325: [60 80]
2025-08-08 21:36:23,272 - imanalysis - DEBUG - Processing boundary 137/325: [60 80]
2025-08-08 21:36:23,550 - imanalysis - DEBUG - Processing boundary 138/325: [60 90]
2025-08-08 21:36:23,627 - imanalysis - DEBUG - Processing boundary 138/325: [60 90]
2025-08-08 21:36:23,672 - imanalysis - DEBUG - Processing boundary 138/325: [60 90]
2025-08-08 21:36:23,953 - imanalysis - DEBUG - Processing boundary 139/325: [ 60 100]
2025-08-08 21:36:24,030 - imanalysis - DEBUG - Processing boundary 139/325: [ 60 100]
2025-08-08 21:36:24,075 - imanalysis - DEBUG - Processing boundary 139/325: [ 60 100]
2025-08-08 21:36:24,364 - imanalysis - DEBUG - Processing boundary 140/325: [ 60 110]
2025-08-08 21:36:24,432 - imanalysis - DEBUG - Processing boundary 140/325: [ 60 110]
2025-08-08 21:36:24,481 - imanalysis - DEBUG - Processing boundary 140/325: [ 60 110]
2025-08-08 21:36:24,773 - imanalysis - DEBUG - Processing boundary 141/325: [ 60 120]
2025-08-08 21:36:24,830 - imanalysis - DEBUG - Processing boundary 141/325: [ 60 120]
2025-08-08 21:36:24,887 - imanalysis - DEBUG - Processing boundary 141/325: [ 60 120]
2025-08-08 21:36:25,183 - imanalysis - DEBUG - Processing boundary 142/325: [ 60 130]
2025-08-08 21:36:25,232 - imanalysis - DEBUG - Processing boundary 142/325: [ 60 130]
2025-08-08 21:36:25,292 - imanalysis - DEBUG - Processing boundary 142/325: [ 60 130]
2025-08-08 21:36:25,587 - imanalysis - DEBUG - Processing boundary 143/325: [ 60 140]
2025-08-08 21:36:25,630 - imanalysis - DEBUG - Processing boundary 143/325: [ 60 140]
2025-08-08 21:36:25,693 - imanalysis - DEBUG - Processing boundary 143/325: [ 60 140]
2025-08-08 21:36:25,995 - imanalysis - DEBUG - Processing boundary 144/325: [ 60 150]
2025-08-08 21:36:26,035 - imanalysis - DEBUG - Processing boundary 144/325: [ 60 150]
2025-08-08 21:36:26,106 - imanalysis - DEBUG - Processing boundary 144/325: [ 60 150]
2025-08-08 21:36:26,397 - imanalysis - DEBUG - Processing boundary 145/325: [ 60 160]
2025-08-08 21:36:26,439 - imanalysis - DEBUG - Processing boundary 145/325: [ 60 160]
2025-08-08 21:36:26,515 - imanalysis - DEBUG - Processing boundary 145/325: [ 60 160]
2025-08-08 21:36:26,801 - imanalysis - DEBUG - Processing boundary 146/325: [ 60 170]
2025-08-08 21:36:26,843 - imanalysis - DEBUG - Processing boundary 146/325: [ 60 170]
2025-08-08 21:36:26,923 - imanalysis - DEBUG - Processing boundary 146/325: [ 60 170]
2025-08-08 21:36:27,210 - imanalysis - DEBUG - Processing boundary 147/325: [ 60 180]
2025-08-08 21:36:27,247 - imanalysis - DEBUG - Processing boundary 147/325: [ 60 180]
2025-08-08 21:36:27,334 - imanalysis - DEBUG - Processing boundary 147/325: [ 60 180]
2025-08-08 21:36:27,610 - imanalysis - DEBUG - Processing boundary 148/325: [ 60 190]
2025-08-08 21:36:27,652 - imanalysis - DEBUG - Processing boundary 148/325: [ 60 190]
2025-08-08 21:36:27,749 - imanalysis - DEBUG - Processing boundary 148/325: [ 60 190]
2025-08-08 21:36:28,011 - imanalysis - DEBUG - Processing boundary 149/325: [ 60 200]
2025-08-08 21:36:28,052 - imanalysis - DEBUG - Processing boundary 149/325: [ 60 200]
2025-08-08 21:36:28,177 - imanalysis - DEBUG - Processing boundary 149/325: [ 60 200]
2025-08-08 21:36:28,423 - imanalysis - DEBUG - Processing boundary 150/325: [ 60 210]
2025-08-08 21:36:28,465 - imanalysis - DEBUG - Processing boundary 150/325: [ 60 210]
2025-08-08 21:36:28,581 - imanalysis - DEBUG - Processing boundary 150/325: [ 60 210]
2025-08-08 21:36:28,823 - imanalysis - DEBUG - Processing boundary 151/325: [ 60 220]
2025-08-08 21:36:28,867 - imanalysis - DEBUG - Processing boundary 151/325: [ 60 220]
2025-08-08 21:36:28,983 - imanalysis - DEBUG - Processing boundary 151/325: [ 60 220]
2025-08-08 21:36:29,232 - imanalysis - DEBUG - Processing boundary 152/325: [ 60 230]
2025-08-08 21:36:29,278 - imanalysis - DEBUG - Processing boundary 152/325: [ 60 230]
2025-08-08 21:36:29,393 - imanalysis - DEBUG - Processing boundary 152/325: [ 60 230]
2025-08-08 21:36:29,631 - imanalysis - DEBUG - Processing boundary 153/325: [ 60 240]
2025-08-08 21:36:29,673 - imanalysis - DEBUG - Processing boundary 153/325: [ 60 240]
2025-08-08 21:36:29,795 - imanalysis - DEBUG - Processing boundary 153/325: [ 60 240]
2025-08-08 21:36:30,025 - imanalysis - DEBUG - Processing boundary 154/325: [ 60 250]
2025-08-08 21:36:30,073 - imanalysis - DEBUG - Processing boundary 154/325: [ 60 250]
2025-08-08 21:36:30,198 - imanalysis - DEBUG - Processing boundary 154/325: [ 60 250]
2025-08-08 21:36:30,427 - imanalysis - DEBUG - Processing boundary 155/325: [70 80]
2025-08-08 21:36:30,481 - imanalysis - DEBUG - Processing boundary 155/325: [70 80]
2025-08-08 21:36:30,600 - imanalysis - DEBUG - Processing boundary 155/325: [70 80]
2025-08-08 21:36:30,835 - imanalysis - DEBUG - Processing boundary 156/325: [70 90]
2025-08-08 21:36:30,894 - imanalysis - DEBUG - Processing boundary 156/325: [70 90]
2025-08-08 21:36:31,007 - imanalysis - DEBUG - Processing boundary 156/325: [70 90]
2025-08-08 21:36:31,247 - imanalysis - DEBUG - Processing boundary 157/325: [ 70 100]
2025-08-08 21:36:31,304 - imanalysis - DEBUG - Processing boundary 157/325: [ 70 100]
2025-08-08 21:36:31,416 - imanalysis - DEBUG - Processing boundary 157/325: [ 70 100]
2025-08-08 21:36:31,642 - imanalysis - DEBUG - Processing boundary 158/325: [ 70 110]
2025-08-08 21:36:31,703 - imanalysis - DEBUG - Processing boundary 158/325: [ 70 110]
2025-08-08 21:36:31,822 - imanalysis - DEBUG - Processing boundary 158/325: [ 70 110]
2025-08-08 21:36:32,049 - imanalysis - DEBUG - Processing boundary 159/325: [ 70 120]
2025-08-08 21:36:32,105 - imanalysis - DEBUG - Processing boundary 159/325: [ 70 120]
2025-08-08 21:36:32,229 - imanalysis - DEBUG - Processing boundary 159/325: [ 70 120]
2025-08-08 21:36:32,451 - imanalysis - DEBUG - Processing boundary 160/325: [ 70 130]
2025-08-08 21:36:32,523 - imanalysis - DEBUG - Processing boundary 160/325: [ 70 130]
2025-08-08 21:36:32,671 - imanalysis - DEBUG - Processing boundary 160/325: [ 70 130]
2025-08-08 21:36:32,883 - imanalysis - DEBUG - Processing boundary 161/325: [ 70 140]
2025-08-08 21:36:32,958 - imanalysis - DEBUG - Processing boundary 161/325: [ 70 140]
2025-08-08 21:36:33,086 - imanalysis - DEBUG - Processing boundary 161/325: [ 70 140]
2025-08-08 21:36:33,299 - imanalysis - DEBUG - Processing boundary 162/325: [ 70 150]
2025-08-08 21:36:33,365 - imanalysis - DEBUG - Processing boundary 162/325: [ 70 150]
2025-08-08 21:36:33,511 - imanalysis - DEBUG - Processing boundary 162/325: [ 70 150]
2025-08-08 21:36:33,713 - imanalysis - DEBUG - Processing boundary 163/325: [ 70 160]
2025-08-08 21:36:33,773 - imanalysis - DEBUG - Processing boundary 163/325: [ 70 160]
2025-08-08 21:36:33,925 - imanalysis - DEBUG - Processing boundary 163/325: [ 70 160]
2025-08-08 21:36:34,126 - imanalysis - DEBUG - Processing boundary 164/325: [ 70 170]
2025-08-08 21:36:34,187 - imanalysis - DEBUG - Processing boundary 164/325: [ 70 170]
2025-08-08 21:36:34,345 - imanalysis - DEBUG - Processing boundary 164/325: [ 70 170]
2025-08-08 21:36:34,537 - imanalysis - DEBUG - Processing boundary 165/325: [ 70 180]
2025-08-08 21:36:34,593 - imanalysis - DEBUG - Processing boundary 165/325: [ 70 180]
2025-08-08 21:36:34,753 - imanalysis - DEBUG - Processing boundary 165/325: [ 70 180]
2025-08-08 21:36:34,941 - imanalysis - DEBUG - Processing boundary 166/325: [ 70 190]
2025-08-08 21:36:35,001 - imanalysis - DEBUG - Processing boundary 166/325: [ 70 190]
2025-08-08 21:36:35,163 - imanalysis - DEBUG - Processing boundary 166/325: [ 70 190]
2025-08-08 21:36:35,346 - imanalysis - DEBUG - Processing boundary 167/325: [ 70 200]
2025-08-08 21:36:35,411 - imanalysis - DEBUG - Processing boundary 167/325: [ 70 200]
2025-08-08 21:36:35,566 - imanalysis - DEBUG - Processing boundary 167/325: [ 70 200]
2025-08-08 21:36:35,751 - imanalysis - DEBUG - Processing boundary 168/325: [ 70 210]
2025-08-08 21:36:35,813 - imanalysis - DEBUG - Processing boundary 168/325: [ 70 210]
2025-08-08 21:36:35,971 - imanalysis - DEBUG - Processing boundary 168/325: [ 70 210]
2025-08-08 21:36:36,154 - imanalysis - DEBUG - Processing boundary 169/325: [ 70 220]
2025-08-08 21:36:36,215 - imanalysis - DEBUG - Processing boundary 169/325: [ 70 220]
2025-08-08 21:36:36,376 - imanalysis - DEBUG - Processing boundary 169/325: [ 70 220]
2025-08-08 21:36:36,560 - imanalysis - DEBUG - Processing boundary 170/325: [ 70 230]
2025-08-08 21:36:36,625 - imanalysis - DEBUG - Processing boundary 170/325: [ 70 230]
2025-08-08 21:36:36,778 - imanalysis - DEBUG - Processing boundary 170/325: [ 70 230]
2025-08-08 21:36:36,966 - imanalysis - DEBUG - Processing boundary 171/325: [ 70 240]
2025-08-08 21:36:37,032 - imanalysis - DEBUG - Processing boundary 171/325: [ 70 240]
2025-08-08 21:36:37,185 - imanalysis - DEBUG - Processing boundary 171/325: [ 70 240]
2025-08-08 21:36:37,371 - imanalysis - DEBUG - Processing boundary 172/325: [ 70 250]
2025-08-08 21:36:37,431 - imanalysis - DEBUG - Processing boundary 172/325: [ 70 250]
2025-08-08 21:36:37,596 - imanalysis - DEBUG - Processing boundary 172/325: [ 70 250]
2025-08-08 21:36:37,783 - imanalysis - DEBUG - Processing boundary 173/325: [80 90]
2025-08-08 21:36:37,845 - imanalysis - DEBUG - Processing boundary 173/325: [80 90]
2025-08-08 21:36:38,009 - imanalysis - DEBUG - Processing boundary 173/325: [80 90]
2025-08-08 21:36:38,196 - imanalysis - DEBUG - Processing boundary 174/325: [ 80 100]
2025-08-08 21:36:38,259 - imanalysis - DEBUG - Processing boundary 174/325: [ 80 100]
2025-08-08 21:36:38,428 - imanalysis - DEBUG - Processing boundary 174/325: [ 80 100]
2025-08-08 21:36:38,600 - imanalysis - DEBUG - Processing boundary 175/325: [ 80 110]
2025-08-08 21:36:38,665 - imanalysis - DEBUG - Processing boundary 175/325: [ 80 110]
2025-08-08 21:36:38,832 - imanalysis - DEBUG - Processing boundary 175/325: [ 80 110]
2025-08-08 21:36:39,004 - imanalysis - DEBUG - Processing boundary 176/325: [ 80 120]
2025-08-08 21:36:39,065 - imanalysis - DEBUG - Processing boundary 176/325: [ 80 120]
2025-08-08 21:36:39,244 - imanalysis - DEBUG - Processing boundary 176/325: [ 80 120]
2025-08-08 21:36:39,411 - imanalysis - DEBUG - Processing boundary 177/325: [ 80 130]
2025-08-08 21:36:39,467 - imanalysis - DEBUG - Processing boundary 177/325: [ 80 130]
2025-08-08 21:36:39,650 - imanalysis - DEBUG - Processing boundary 177/325: [ 80 130]
2025-08-08 21:36:39,811 - imanalysis - DEBUG - Processing boundary 178/325: [ 80 140]
2025-08-08 21:36:39,869 - imanalysis - DEBUG - Processing boundary 178/325: [ 80 140]
2025-08-08 21:36:40,068 - imanalysis - DEBUG - Processing boundary 178/325: [ 80 140]
2025-08-08 21:36:40,218 - imanalysis - DEBUG - Processing boundary 179/325: [ 80 150]
2025-08-08 21:36:40,284 - imanalysis - DEBUG - Processing boundary 179/325: [ 80 150]
2025-08-08 21:36:40,486 - imanalysis - DEBUG - Processing boundary 179/325: [ 80 150]
2025-08-08 21:36:40,626 - imanalysis - DEBUG - Processing boundary 180/325: [ 80 160]
2025-08-08 21:36:40,687 - imanalysis - DEBUG - Processing boundary 180/325: [ 80 160]
2025-08-08 21:36:40,893 - imanalysis - DEBUG - Processing boundary 180/325: [ 80 160]
2025-08-08 21:36:41,028 - imanalysis - DEBUG - Processing boundary 181/325: [ 80 170]
2025-08-08 21:36:41,094 - imanalysis - DEBUG - Processing boundary 181/325: [ 80 170]
2025-08-08 21:36:41,295 - imanalysis - DEBUG - Processing boundary 181/325: [ 80 170]
2025-08-08 21:36:41,433 - imanalysis - DEBUG - Processing boundary 182/325: [ 80 180]
2025-08-08 21:36:41,495 - imanalysis - DEBUG - Processing boundary 182/325: [ 80 180]
2025-08-08 21:36:41,704 - imanalysis - DEBUG - Processing boundary 182/325: [ 80 180]
2025-08-08 21:36:41,840 - imanalysis - DEBUG - Processing boundary 183/325: [ 80 190]
2025-08-08 21:36:41,897 - imanalysis - DEBUG - Processing boundary 183/325: [ 80 190]
2025-08-08 21:36:42,149 - imanalysis - DEBUG - Processing boundary 183/325: [ 80 190]
2025-08-08 21:36:42,277 - imanalysis - DEBUG - Processing boundary 184/325: [ 80 200]
2025-08-08 21:36:42,338 - imanalysis - DEBUG - Processing boundary 184/325: [ 80 200]
2025-08-08 21:36:42,571 - imanalysis - DEBUG - Processing boundary 184/325: [ 80 200]
2025-08-08 21:36:42,680 - imanalysis - DEBUG - Processing boundary 185/325: [ 80 210]
2025-08-08 21:36:42,737 - imanalysis - DEBUG - Processing boundary 185/325: [ 80 210]
2025-08-08 21:36:42,983 - imanalysis - DEBUG - Processing boundary 185/325: [ 80 210]
2025-08-08 21:36:43,082 - imanalysis - DEBUG - Processing boundary 186/325: [ 80 220]
2025-08-08 21:36:43,148 - imanalysis - DEBUG - Processing boundary 186/325: [ 80 220]
2025-08-08 21:36:43,402 - imanalysis - DEBUG - Processing boundary 186/325: [ 80 220]
2025-08-08 21:36:43,492 - imanalysis - DEBUG - Processing boundary 187/325: [ 80 230]
2025-08-08 21:36:43,555 - imanalysis - DEBUG - Processing boundary 187/325: [ 80 230]
2025-08-08 21:36:43,810 - imanalysis - DEBUG - Processing boundary 187/325: [ 80 230]
2025-08-08 21:36:43,890 - imanalysis - DEBUG - Processing boundary 188/325: [ 80 240]
2025-08-08 21:36:43,957 - imanalysis - DEBUG - Processing boundary 188/325: [ 80 240]
2025-08-08 21:36:44,230 - imanalysis - DEBUG - Processing boundary 188/325: [ 80 240]
2025-08-08 21:36:44,304 - imanalysis - DEBUG - Processing boundary 189/325: [ 80 250]
2025-08-08 21:36:44,373 - imanalysis - DEBUG - Processing boundary 189/325: [ 80 250]
2025-08-08 21:36:44,634 - imanalysis - DEBUG - Processing boundary 189/325: [ 80 250]
2025-08-08 21:36:44,699 - imanalysis - DEBUG - Processing boundary 190/325: [ 90 100]
2025-08-08 21:36:44,770 - imanalysis - DEBUG - Processing boundary 190/325: [ 90 100]
2025-08-08 21:36:45,052 - imanalysis - DEBUG - Processing boundary 190/325: [ 90 100]
2025-08-08 21:36:45,109 - imanalysis - DEBUG - Processing boundary 191/325: [ 90 110]
2025-08-08 21:36:45,174 - imanalysis - DEBUG - Processing boundary 191/325: [ 90 110]
2025-08-08 21:36:45,459 - imanalysis - DEBUG - Processing boundary 191/325: [ 90 110]
2025-08-08 21:36:45,508 - imanalysis - DEBUG - Processing boundary 192/325: [ 90 120]
2025-08-08 21:36:45,583 - imanalysis - DEBUG - Processing boundary 192/325: [ 90 120]
2025-08-08 21:36:45,865 - imanalysis - DEBUG - Processing boundary 192/325: [ 90 120]
2025-08-08 21:36:45,906 - imanalysis - DEBUG - Processing boundary 193/325: [ 90 130]
2025-08-08 21:36:45,992 - imanalysis - DEBUG - Processing boundary 193/325: [ 90 130]
2025-08-08 21:36:46,272 - imanalysis - DEBUG - Processing boundary 193/325: [ 90 130]
2025-08-08 21:36:46,312 - imanalysis - DEBUG - Processing boundary 194/325: [ 90 140]
2025-08-08 21:36:46,399 - imanalysis - DEBUG - Processing boundary 194/325: [ 90 140]
2025-08-08 21:36:46,680 - imanalysis - DEBUG - Processing boundary 194/325: [ 90 140]
2025-08-08 21:36:46,717 - imanalysis - DEBUG - Processing boundary 195/325: [ 90 150]
2025-08-08 21:36:46,809 - imanalysis - DEBUG - Processing boundary 195/325: [ 90 150]
2025-08-08 21:36:47,082 - imanalysis - DEBUG - Processing boundary 195/325: [ 90 150]
2025-08-08 21:36:47,117 - imanalysis - DEBUG - Processing boundary 196/325: [ 90 160]
2025-08-08 21:36:47,217 - imanalysis - DEBUG - Processing boundary 196/325: [ 90 160]
2025-08-08 21:36:47,484 - imanalysis - DEBUG - Processing boundary 196/325: [ 90 160]
2025-08-08 21:36:47,512 - imanalysis - DEBUG - Processing boundary 197/325: [ 90 170]
2025-08-08 21:36:47,627 - imanalysis - DEBUG - Processing boundary 197/325: [ 90 170]
2025-08-08 21:36:47,907 - imanalysis - DEBUG - Processing boundary 197/325: [ 90 170]
2025-08-08 21:36:47,933 - imanalysis - DEBUG - Processing boundary 198/325: [ 90 180]
2025-08-08 21:36:48,066 - imanalysis - DEBUG - Processing boundary 198/325: [ 90 180]
2025-08-08 21:36:48,337 - imanalysis - DEBUG - Processing boundary 198/325: [ 90 180]
2025-08-08 21:36:48,361 - imanalysis - DEBUG - Processing boundary 199/325: [ 90 190]
2025-08-08 21:36:48,487 - imanalysis - DEBUG - Processing boundary 199/325: [ 90 190]
2025-08-08 21:36:48,747 - imanalysis - DEBUG - Processing boundary 199/325: [ 90 190]
2025-08-08 21:36:48,766 - imanalysis - DEBUG - Processing boundary 200/325: [ 90 200]
2025-08-08 21:36:48,904 - imanalysis - DEBUG - Processing boundary 200/325: [ 90 200]
2025-08-08 21:36:49,160 - imanalysis - DEBUG - Processing boundary 200/325: [ 90 200]
2025-08-08 21:36:49,178 - imanalysis - DEBUG - Processing boundary 201/325: [ 90 210]
2025-08-08 21:36:49,325 - imanalysis - DEBUG - Processing boundary 201/325: [ 90 210]
2025-08-08 21:36:49,579 - imanalysis - DEBUG - Processing boundary 201/325: [ 90 210]
2025-08-08 21:36:49,607 - imanalysis - DEBUG - Processing boundary 202/325: [ 90 220]
2025-08-08 21:36:49,737 - imanalysis - DEBUG - Processing boundary 202/325: [ 90 220]
2025-08-08 21:36:49,989 - imanalysis - DEBUG - Processing boundary 202/325: [ 90 220]
2025-08-08 21:36:50,021 - imanalysis - DEBUG - Processing boundary 203/325: [ 90 230]
2025-08-08 21:36:50,153 - imanalysis - DEBUG - Processing boundary 203/325: [ 90 230]
2025-08-08 21:36:50,397 - imanalysis - DEBUG - Processing boundary 203/325: [ 90 230]
2025-08-08 21:36:50,430 - imanalysis - DEBUG - Processing boundary 204/325: [ 90 240]
2025-08-08 21:36:50,563 - imanalysis - DEBUG - Processing boundary 204/325: [ 90 240]
2025-08-08 21:36:50,798 - imanalysis - DEBUG - Processing boundary 204/325: [ 90 240]
2025-08-08 21:36:50,830 - imanalysis - DEBUG - Processing boundary 205/325: [ 90 250]
2025-08-08 21:36:50,974 - imanalysis - DEBUG - Processing boundary 205/325: [ 90 250]
2025-08-08 21:36:51,204 - imanalysis - DEBUG - Processing boundary 205/325: [ 90 250]
2025-08-08 21:36:51,239 - imanalysis - DEBUG - Processing boundary 206/325: [100 110]
2025-08-08 21:36:51,387 - imanalysis - DEBUG - Processing boundary 206/325: [100 110]
2025-08-08 21:36:51,613 - imanalysis - DEBUG - Processing boundary 206/325: [100 110]
2025-08-08 21:36:51,650 - imanalysis - DEBUG - Processing boundary 207/325: [100 120]
2025-08-08 21:36:51,801 - imanalysis - DEBUG - Processing boundary 207/325: [100 120]
2025-08-08 21:36:52,015 - imanalysis - DEBUG - Processing boundary 207/325: [100 120]
2025-08-08 21:36:52,055 - imanalysis - DEBUG - Processing boundary 208/325: [100 130]
2025-08-08 21:36:52,213 - imanalysis - DEBUG - Processing boundary 208/325: [100 130]
2025-08-08 21:36:52,414 - imanalysis - DEBUG - Processing boundary 208/325: [100 130]
2025-08-08 21:36:52,469 - imanalysis - DEBUG - Processing boundary 209/325: [100 140]
2025-08-08 21:36:52,666 - imanalysis - DEBUG - Processing boundary 209/325: [100 140]
2025-08-08 21:36:52,852 - imanalysis - DEBUG - Processing boundary 209/325: [100 140]
2025-08-08 21:36:52,893 - imanalysis - DEBUG - Processing boundary 210/325: [100 150]
2025-08-08 21:36:53,082 - imanalysis - DEBUG - Processing boundary 210/325: [100 150]
2025-08-08 21:36:53,263 - imanalysis - DEBUG - Processing boundary 210/325: [100 150]
2025-08-08 21:36:53,297 - imanalysis - DEBUG - Processing boundary 211/325: [100 160]
2025-08-08 21:36:53,504 - imanalysis - DEBUG - Processing boundary 211/325: [100 160]
2025-08-08 21:36:53,660 - imanalysis - DEBUG - Processing boundary 211/325: [100 160]
2025-08-08 21:36:53,698 - imanalysis - DEBUG - Processing boundary 212/325: [100 170]
2025-08-08 21:36:53,917 - imanalysis - DEBUG - Processing boundary 212/325: [100 170]
2025-08-08 21:36:54,064 - imanalysis - DEBUG - Processing boundary 212/325: [100 170]
2025-08-08 21:36:54,104 - imanalysis - DEBUG - Processing boundary 213/325: [100 180]
2025-08-08 21:36:54,346 - imanalysis - DEBUG - Processing boundary 213/325: [100 180]
2025-08-08 21:36:54,507 - imanalysis - DEBUG - Processing boundary 213/325: [100 180]
2025-08-08 21:36:54,554 - imanalysis - DEBUG - Processing boundary 214/325: [100 190]
2025-08-08 21:36:54,826 - imanalysis - DEBUG - Processing boundary 214/325: [100 190]
2025-08-08 21:36:54,959 - imanalysis - DEBUG - Processing boundary 214/325: [100 190]
2025-08-08 21:36:55,012 - imanalysis - DEBUG - Processing boundary 215/325: [100 200]
2025-08-08 21:36:55,248 - imanalysis - DEBUG - Processing boundary 215/325: [100 200]
2025-08-08 21:36:55,366 - imanalysis - DEBUG - Processing boundary 215/325: [100 200]
2025-08-08 21:36:55,423 - imanalysis - DEBUG - Processing boundary 216/325: [100 210]
2025-08-08 21:36:55,673 - imanalysis - DEBUG - Processing boundary 216/325: [100 210]
2025-08-08 21:36:55,771 - imanalysis - DEBUG - Processing boundary 216/325: [100 210]
2025-08-08 21:36:55,832 - imanalysis - DEBUG - Processing boundary 217/325: [100 220]
2025-08-08 21:36:56,083 - imanalysis - DEBUG - Processing boundary 217/325: [100 220]
2025-08-08 21:36:56,173 - imanalysis - DEBUG - Processing boundary 217/325: [100 220]
2025-08-08 21:36:56,236 - imanalysis - DEBUG - Processing boundary 218/325: [100 230]
2025-08-08 21:36:56,494 - imanalysis - DEBUG - Processing boundary 218/325: [100 230]
2025-08-08 21:36:56,573 - imanalysis - DEBUG - Processing boundary 218/325: [100 230]
2025-08-08 21:36:56,638 - imanalysis - DEBUG - Processing boundary 219/325: [100 240]
2025-08-08 21:36:56,899 - imanalysis - DEBUG - Processing boundary 219/325: [100 240]
2025-08-08 21:36:56,971 - imanalysis - DEBUG - Processing boundary 219/325: [100 240]
2025-08-08 21:36:57,039 - imanalysis - DEBUG - Processing boundary 220/325: [100 250]
2025-08-08 21:36:57,309 - imanalysis - DEBUG - Processing boundary 220/325: [100 250]
2025-08-08 21:36:57,372 - imanalysis - DEBUG - Processing boundary 220/325: [100 250]
2025-08-08 21:36:57,446 - imanalysis - DEBUG - Processing boundary 221/325: [110 120]
2025-08-08 21:36:57,718 - imanalysis - DEBUG - Processing boundary 221/325: [110 120]
2025-08-08 21:36:57,771 - imanalysis - DEBUG - Processing boundary 221/325: [110 120]
2025-08-08 21:36:57,856 - imanalysis - DEBUG - Processing boundary 222/325: [110 130]
2025-08-08 21:36:58,129 - imanalysis - DEBUG - Processing boundary 222/325: [110 130]
2025-08-08 21:36:58,176 - imanalysis - DEBUG - Processing boundary 222/325: [110 130]
2025-08-08 21:36:58,266 - imanalysis - DEBUG - Processing boundary 223/325: [110 140]
2025-08-08 21:36:58,536 - imanalysis - DEBUG - Processing boundary 223/325: [110 140]
2025-08-08 21:36:58,573 - imanalysis - DEBUG - Processing boundary 223/325: [110 140]
2025-08-08 21:36:58,675 - imanalysis - DEBUG - Processing boundary 224/325: [110 150]
2025-08-08 21:36:58,941 - imanalysis - DEBUG - Processing boundary 224/325: [110 150]
2025-08-08 21:36:58,970 - imanalysis - DEBUG - Processing boundary 224/325: [110 150]
2025-08-08 21:36:59,075 - imanalysis - DEBUG - Processing boundary 225/325: [110 160]
2025-08-08 21:36:59,350 - imanalysis - DEBUG - Processing boundary 225/325: [110 160]
2025-08-08 21:36:59,371 - imanalysis - DEBUG - Processing boundary 225/325: [110 160]
2025-08-08 21:36:59,498 - imanalysis - DEBUG - Processing boundary 226/325: [110 170]
2025-08-08 21:36:59,762 - imanalysis - DEBUG - Processing boundary 226/325: [110 170]
2025-08-08 21:36:59,769 - imanalysis - DEBUG - Processing boundary 226/325: [110 170]
2025-08-08 21:36:59,904 - imanalysis - DEBUG - Processing boundary 227/325: [110 180]
2025-08-08 21:37:00,171 - imanalysis - DEBUG - Processing boundary 227/325: [110 180]
2025-08-08 21:37:00,172 - imanalysis - DEBUG - Processing boundary 227/325: [110 180]
2025-08-08 21:37:00,307 - imanalysis - DEBUG - Processing boundary 228/325: [110 190]
2025-08-08 21:37:00,562 - imanalysis - DEBUG - Processing boundary 228/325: [110 190]
2025-08-08 21:37:00,565 - imanalysis - DEBUG - Processing boundary 228/325: [110 190]
2025-08-08 21:37:00,704 - imanalysis - DEBUG - Processing boundary 229/325: [110 200]
2025-08-08 21:37:00,960 - imanalysis - DEBUG - Processing boundary 229/325: [110 200]
2025-08-08 21:37:00,961 - imanalysis - DEBUG - Processing boundary 229/325: [110 200]
2025-08-08 21:37:01,100 - imanalysis - DEBUG - Processing boundary 230/325: [110 210]
2025-08-08 21:37:01,368 - imanalysis - DEBUG - Processing boundary 230/325: [110 210]
2025-08-08 21:37:01,369 - imanalysis - DEBUG - Processing boundary 230/325: [110 210]
2025-08-08 21:37:01,498 - imanalysis - DEBUG - Processing boundary 231/325: [110 220]
2025-08-08 21:37:01,767 - imanalysis - DEBUG - Processing boundary 231/325: [110 220]
2025-08-08 21:37:01,767 - imanalysis - DEBUG - Processing boundary 231/325: [110 220]
2025-08-08 21:37:01,898 - imanalysis - DEBUG - Processing boundary 232/325: [110 230]
2025-08-08 21:37:02,169 - imanalysis - DEBUG - Processing boundary 232/325: [110 230]
2025-08-08 21:37:02,173 - imanalysis - DEBUG - Processing boundary 232/325: [110 230]
2025-08-08 21:37:02,306 - imanalysis - DEBUG - Processing boundary 233/325: [110 240]
2025-08-08 21:37:02,563 - imanalysis - DEBUG - Processing boundary 233/325: [110 240]
2025-08-08 21:37:02,571 - imanalysis - DEBUG - Processing boundary 233/325: [110 240]
2025-08-08 21:37:02,761 - imanalysis - DEBUG - Processing boundary 234/325: [110 250]
2025-08-08 21:37:02,999 - imanalysis - DEBUG - Processing boundary 234/325: [110 250]
2025-08-08 21:37:03,010 - imanalysis - DEBUG - Processing boundary 234/325: [110 250]
2025-08-08 21:37:03,180 - imanalysis - DEBUG - Processing boundary 235/325: [120 130]
2025-08-08 21:37:03,415 - imanalysis - DEBUG - Processing boundary 235/325: [120 130]
2025-08-08 21:37:03,429 - imanalysis - DEBUG - Processing boundary 235/325: [120 130]
2025-08-08 21:37:03,591 - imanalysis - DEBUG - Processing boundary 236/325: [120 140]
2025-08-08 21:37:03,825 - imanalysis - DEBUG - Processing boundary 236/325: [120 140]
2025-08-08 21:37:03,838 - imanalysis - DEBUG - Processing boundary 236/325: [120 140]
2025-08-08 21:37:04,006 - imanalysis - DEBUG - Processing boundary 237/325: [120 150]
2025-08-08 21:37:04,240 - imanalysis - DEBUG - Processing boundary 237/325: [120 150]
2025-08-08 21:37:04,251 - imanalysis - DEBUG - Processing boundary 237/325: [120 150]
2025-08-08 21:37:04,418 - imanalysis - DEBUG - Processing boundary 238/325: [120 160]
2025-08-08 21:37:04,646 - imanalysis - DEBUG - Processing boundary 238/325: [120 160]
2025-08-08 21:37:04,653 - imanalysis - DEBUG - Processing boundary 238/325: [120 160]
2025-08-08 21:37:04,831 - imanalysis - DEBUG - Processing boundary 239/325: [120 170]
2025-08-08 21:37:05,054 - imanalysis - DEBUG - Processing boundary 239/325: [120 170]
2025-08-08 21:37:05,058 - imanalysis - DEBUG - Processing boundary 239/325: [120 170]
2025-08-08 21:37:05,227 - imanalysis - DEBUG - Processing boundary 240/325: [120 180]
2025-08-08 21:37:05,445 - imanalysis - DEBUG - Processing boundary 240/325: [120 180]
2025-08-08 21:37:05,447 - imanalysis - DEBUG - Processing boundary 240/325: [120 180]
2025-08-08 21:37:05,626 - imanalysis - DEBUG - Processing boundary 241/325: [120 190]
2025-08-08 21:37:05,840 - imanalysis - DEBUG - Processing boundary 241/325: [120 190]
2025-08-08 21:37:05,841 - imanalysis - DEBUG - Processing boundary 241/325: [120 190]
2025-08-08 21:37:06,031 - imanalysis - DEBUG - Processing boundary 242/325: [120 200]
2025-08-08 21:37:06,242 - imanalysis - DEBUG - Processing boundary 242/325: [120 200]
2025-08-08 21:37:06,244 - imanalysis - DEBUG - Processing boundary 242/325: [120 200]
2025-08-08 21:37:06,439 - imanalysis - DEBUG - Processing boundary 243/325: [120 210]
2025-08-08 21:37:06,646 - imanalysis - DEBUG - Processing boundary 243/325: [120 210]
2025-08-08 21:37:06,646 - imanalysis - DEBUG - Processing boundary 243/325: [120 210]
2025-08-08 21:37:06,853 - imanalysis - DEBUG - Processing boundary 244/325: [120 220]
2025-08-08 21:37:07,047 - imanalysis - DEBUG - Processing boundary 244/325: [120 220]
2025-08-08 21:37:07,049 - imanalysis - DEBUG - Processing boundary 244/325: [120 220]
2025-08-08 21:37:07,264 - imanalysis - DEBUG - Processing boundary 245/325: [120 230]
2025-08-08 21:37:07,444 - imanalysis - DEBUG - Processing boundary 245/325: [120 230]
2025-08-08 21:37:07,447 - imanalysis - DEBUG - Processing boundary 245/325: [120 230]
2025-08-08 21:37:07,664 - imanalysis - DEBUG - Processing boundary 246/325: [120 240]
2025-08-08 21:37:07,843 - imanalysis - DEBUG - Processing boundary 246/325: [120 240]
2025-08-08 21:37:07,844 - imanalysis - DEBUG - Processing boundary 246/325: [120 240]
2025-08-08 21:37:08,072 - imanalysis - DEBUG - Processing boundary 247/325: [120 250]
2025-08-08 21:37:08,252 - imanalysis - DEBUG - Processing boundary 247/325: [120 250]
2025-08-08 21:37:08,252 - imanalysis - DEBUG - Processing boundary 247/325: [120 250]
2025-08-08 21:37:08,480 - imanalysis - DEBUG - Processing boundary 248/325: [130 140]
2025-08-08 21:37:08,648 - imanalysis - DEBUG - Processing boundary 248/325: [130 140]
2025-08-08 21:37:08,649 - imanalysis - DEBUG - Processing boundary 248/325: [130 140]
2025-08-08 21:37:08,887 - imanalysis - DEBUG - Processing boundary 249/325: [130 150]
2025-08-08 21:37:09,048 - imanalysis - DEBUG - Processing boundary 249/325: [130 150]
2025-08-08 21:37:09,051 - imanalysis - DEBUG - Processing boundary 249/325: [130 150]
2025-08-08 21:37:09,297 - imanalysis - DEBUG - Processing boundary 250/325: [130 160]
2025-08-08 21:37:09,442 - imanalysis - DEBUG - Processing boundary 250/325: [130 160]
2025-08-08 21:37:09,444 - imanalysis - DEBUG - Processing boundary 250/325: [130 160]
2025-08-08 21:37:09,701 - imanalysis - DEBUG - Processing boundary 251/325: [130 170]
2025-08-08 21:37:09,832 - imanalysis - DEBUG - Processing boundary 251/325: [130 170]
2025-08-08 21:37:09,834 - imanalysis - DEBUG - Processing boundary 251/325: [130 170]
2025-08-08 21:37:10,108 - imanalysis - DEBUG - Processing boundary 252/325: [130 180]
2025-08-08 21:37:10,224 - imanalysis - DEBUG - Processing boundary 252/325: [130 180]
2025-08-08 21:37:10,228 - imanalysis - DEBUG - Processing boundary 252/325: [130 180]
2025-08-08 21:37:10,509 - imanalysis - DEBUG - Processing boundary 253/325: [130 190]
2025-08-08 21:37:10,611 - imanalysis - DEBUG - Processing boundary 253/325: [130 190]
2025-08-08 21:37:10,616 - imanalysis - DEBUG - Processing boundary 253/325: [130 190]
2025-08-08 21:37:10,907 - imanalysis - DEBUG - Processing boundary 254/325: [130 200]
2025-08-08 21:37:10,999 - imanalysis - DEBUG - Processing boundary 254/325: [130 200]
2025-08-08 21:37:11,009 - imanalysis - DEBUG - Processing boundary 254/325: [130 200]
2025-08-08 21:37:11,322 - imanalysis - DEBUG - Processing boundary 255/325: [130 210]
2025-08-08 21:37:11,403 - imanalysis - DEBUG - Processing boundary 255/325: [130 210]
2025-08-08 21:37:11,423 - imanalysis - DEBUG - Processing boundary 255/325: [130 210]
2025-08-08 21:37:11,733 - imanalysis - DEBUG - Processing boundary 256/325: [130 220]
2025-08-08 21:37:11,808 - imanalysis - DEBUG - Processing boundary 256/325: [130 220]
2025-08-08 21:37:11,840 - imanalysis - DEBUG - Processing boundary 256/325: [130 220]
2025-08-08 21:37:12,140 - imanalysis - DEBUG - Processing boundary 257/325: [130 230]
2025-08-08 21:37:12,211 - imanalysis - DEBUG - Processing boundary 257/325: [130 230]
2025-08-08 21:37:12,247 - imanalysis - DEBUG - Processing boundary 257/325: [130 230]
2025-08-08 21:37:12,546 - imanalysis - DEBUG - Processing boundary 258/325: [130 240]
2025-08-08 21:37:12,617 - imanalysis - DEBUG - Processing boundary 258/325: [130 240]
2025-08-08 21:37:12,618 - imanalysis - DEBUG - Processing boundary 258/325: [130 240]
2025-08-08 21:37:12,946 - imanalysis - DEBUG - Processing boundary 259/325: [130 250]
2025-08-08 21:37:13,016 - imanalysis - DEBUG - Processing boundary 259/325: [130 250]
2025-08-08 21:37:13,018 - imanalysis - DEBUG - Processing boundary 259/325: [130 250]
2025-08-08 21:37:13,353 - imanalysis - DEBUG - Processing boundary 260/325: [140 150]
2025-08-08 21:37:13,419 - imanalysis - DEBUG - Processing boundary 260/325: [140 150]
2025-08-08 21:37:13,421 - imanalysis - DEBUG - Processing boundary 260/325: [140 150]
2025-08-08 21:37:13,754 - imanalysis - DEBUG - Processing boundary 261/325: [140 160]
2025-08-08 21:37:13,815 - imanalysis - DEBUG - Processing boundary 261/325: [140 160]
2025-08-08 21:37:13,817 - imanalysis - DEBUG - Processing boundary 261/325: [140 160]
2025-08-08 21:37:14,163 - imanalysis - DEBUG - Processing boundary 262/325: [140 170]
2025-08-08 21:37:14,215 - imanalysis - DEBUG - Processing boundary 262/325: [140 170]
2025-08-08 21:37:14,217 - imanalysis - DEBUG - Processing boundary 262/325: [140 170]
2025-08-08 21:37:14,585 - imanalysis - DEBUG - Processing boundary 263/325: [140 180]
2025-08-08 21:37:14,655 - imanalysis - DEBUG - Processing boundary 263/325: [140 180]
2025-08-08 21:37:14,679 - imanalysis - DEBUG - Processing boundary 263/325: [140 180]
2025-08-08 21:37:14,996 - imanalysis - DEBUG - Processing boundary 264/325: [140 190]
2025-08-08 21:37:15,055 - imanalysis - DEBUG - Processing boundary 264/325: [140 190]
2025-08-08 21:37:15,087 - imanalysis - DEBUG - Processing boundary 264/325: [140 190]
2025-08-08 21:37:15,397 - imanalysis - DEBUG - Processing boundary 265/325: [140 200]
2025-08-08 21:37:15,456 - imanalysis - DEBUG - Processing boundary 265/325: [140 200]
2025-08-08 21:37:15,484 - imanalysis - DEBUG - Processing boundary 265/325: [140 200]
2025-08-08 21:37:15,801 - imanalysis - DEBUG - Processing boundary 266/325: [140 210]
2025-08-08 21:37:15,861 - imanalysis - DEBUG - Processing boundary 266/325: [140 210]
2025-08-08 21:37:15,875 - imanalysis - DEBUG - Processing boundary 266/325: [140 210]
2025-08-08 21:37:16,214 - imanalysis - DEBUG - Processing boundary 267/325: [140 220]
2025-08-08 21:37:16,264 - imanalysis - DEBUG - Processing boundary 267/325: [140 220]
2025-08-08 21:37:16,275 - imanalysis - DEBUG - Processing boundary 267/325: [140 220]
2025-08-08 21:37:16,620 - imanalysis - DEBUG - Processing boundary 268/325: [140 230]
2025-08-08 21:37:16,667 - imanalysis - DEBUG - Processing boundary 268/325: [140 230]
2025-08-08 21:37:16,688 - imanalysis - DEBUG - Processing boundary 268/325: [140 230]
2025-08-08 21:37:17,033 - imanalysis - DEBUG - Processing boundary 269/325: [140 240]
2025-08-08 21:37:17,080 - imanalysis - DEBUG - Processing boundary 269/325: [140 240]
2025-08-08 21:37:17,089 - imanalysis - DEBUG - Processing boundary 269/325: [140 240]
2025-08-08 21:37:17,449 - imanalysis - DEBUG - Processing boundary 270/325: [140 250]
2025-08-08 21:37:17,493 - imanalysis - DEBUG - Processing boundary 270/325: [140 250]
2025-08-08 21:37:17,504 - imanalysis - DEBUG - Processing boundary 270/325: [140 250]
2025-08-08 21:37:17,858 - imanalysis - DEBUG - Processing boundary 271/325: [150 160]
2025-08-08 21:37:17,902 - imanalysis - DEBUG - Processing boundary 271/325: [150 160]
2025-08-08 21:37:17,909 - imanalysis - DEBUG - Processing boundary 271/325: [150 160]
2025-08-08 21:37:18,271 - imanalysis - DEBUG - Processing boundary 272/325: [150 170]
2025-08-08 21:37:18,316 - imanalysis - DEBUG - Processing boundary 272/325: [150 170]
2025-08-08 21:37:18,317 - imanalysis - DEBUG - Processing boundary 272/325: [150 170]
2025-08-08 21:37:18,671 - imanalysis - DEBUG - Processing boundary 273/325: [150 180]
2025-08-08 21:37:18,708 - imanalysis - DEBUG - Processing boundary 273/325: [150 180]
2025-08-08 21:37:18,720 - imanalysis - DEBUG - Processing boundary 273/325: [150 180]
2025-08-08 21:37:19,083 - imanalysis - DEBUG - Processing boundary 274/325: [150 190]
2025-08-08 21:37:19,113 - imanalysis - DEBUG - Processing boundary 274/325: [150 190]
2025-08-08 21:37:19,131 - imanalysis - DEBUG - Processing boundary 274/325: [150 190]
2025-08-08 21:37:19,496 - imanalysis - DEBUG - Processing boundary 275/325: [150 200]
2025-08-08 21:37:19,523 - imanalysis - DEBUG - Processing boundary 275/325: [150 200]
2025-08-08 21:37:19,545 - imanalysis - DEBUG - Processing boundary 275/325: [150 200]
2025-08-08 21:37:19,920 - imanalysis - DEBUG - Processing boundary 276/325: [150 210]
2025-08-08 21:37:19,928 - imanalysis - DEBUG - Processing boundary 276/325: [150 210]
2025-08-08 21:37:19,953 - imanalysis - DEBUG - Processing boundary 276/325: [150 210]
2025-08-08 21:37:20,338 - imanalysis - DEBUG - Processing boundary 277/325: [150 220]
2025-08-08 21:37:20,343 - imanalysis - DEBUG - Processing boundary 277/325: [150 220]
2025-08-08 21:37:20,365 - imanalysis - DEBUG - Processing boundary 277/325: [150 220]
2025-08-08 21:37:20,751 - imanalysis - DEBUG - Processing boundary 278/325: [150 230]
2025-08-08 21:37:20,757 - imanalysis - DEBUG - Processing boundary 278/325: [150 230]
2025-08-08 21:37:20,769 - imanalysis - DEBUG - Processing boundary 278/325: [150 230]
2025-08-08 21:37:21,152 - imanalysis - DEBUG - Processing boundary 279/325: [150 240]
2025-08-08 21:37:21,185 - imanalysis - DEBUG - Processing boundary 279/325: [150 240]
2025-08-08 21:37:21,199 - imanalysis - DEBUG - Processing boundary 279/325: [150 240]
2025-08-08 21:37:21,566 - imanalysis - DEBUG - Processing boundary 280/325: [150 250]
2025-08-08 21:37:21,588 - imanalysis - DEBUG - Processing boundary 280/325: [150 250]
2025-08-08 21:37:21,613 - imanalysis - DEBUG - Processing boundary 280/325: [150 250]
2025-08-08 21:37:21,977 - imanalysis - DEBUG - Processing boundary 281/325: [160 170]
2025-08-08 21:37:21,993 - imanalysis - DEBUG - Processing boundary 281/325: [160 170]
2025-08-08 21:37:22,028 - imanalysis - DEBUG - Processing boundary 281/325: [160 170]
2025-08-08 21:37:22,402 - imanalysis - DEBUG - Processing boundary 282/325: [160 180]
2025-08-08 21:37:22,413 - imanalysis - DEBUG - Processing boundary 282/325: [160 180]
2025-08-08 21:37:22,453 - imanalysis - DEBUG - Processing boundary 282/325: [160 180]
2025-08-08 21:37:22,812 - imanalysis - DEBUG - Processing boundary 283/325: [160 190]
2025-08-08 21:37:22,820 - imanalysis - DEBUG - Processing boundary 283/325: [160 190]
2025-08-08 21:37:22,855 - imanalysis - DEBUG - Processing boundary 283/325: [160 190]
2025-08-08 21:37:23,243 - imanalysis - DEBUG - Processing boundary 284/325: [160 200]
2025-08-08 21:37:23,248 - imanalysis - DEBUG - Processing boundary 284/325: [160 200]
2025-08-08 21:37:23,277 - imanalysis - DEBUG - Processing boundary 284/325: [160 200]
2025-08-08 21:37:23,646 - imanalysis - DEBUG - Processing boundary 285/325: [160 210]
2025-08-08 21:37:23,648 - imanalysis - DEBUG - Processing boundary 285/325: [160 210]
2025-08-08 21:37:23,673 - imanalysis - DEBUG - Processing boundary 285/325: [160 210]
2025-08-08 21:37:24,051 - imanalysis - DEBUG - Processing boundary 286/325: [160 220]
2025-08-08 21:37:24,054 - imanalysis - DEBUG - Processing boundary 286/325: [160 220]
2025-08-08 21:37:24,077 - imanalysis - DEBUG - Processing boundary 286/325: [160 220]
2025-08-08 21:37:24,459 - imanalysis - DEBUG - Processing boundary 287/325: [160 230]
2025-08-08 21:37:24,460 - imanalysis - DEBUG - Processing boundary 287/325: [160 230]
2025-08-08 21:37:24,485 - imanalysis - DEBUG - Processing boundary 287/325: [160 230]
2025-08-08 21:37:24,869 - imanalysis - DEBUG - Processing boundary 288/325: [160 240]
2025-08-08 21:37:24,869 - imanalysis - DEBUG - Processing boundary 288/325: [160 240]
2025-08-08 21:37:24,881 - imanalysis - DEBUG - Processing boundary 288/325: [160 240]
2025-08-08 21:37:25,272 - imanalysis - DEBUG - Processing boundary 289/325: [160 250]
2025-08-08 21:37:25,273 - imanalysis - DEBUG - Processing boundary 289/325: [160 250]
2025-08-08 21:37:25,280 - imanalysis - DEBUG - Processing boundary 289/325: [160 250]
2025-08-08 21:37:25,674 - imanalysis - DEBUG - Processing boundary 290/325: [170 180]
2025-08-08 21:37:25,678 - imanalysis - DEBUG - Processing boundary 290/325: [170 180]
2025-08-08 21:37:25,682 - imanalysis - DEBUG - Processing boundary 290/325: [170 180]
2025-08-08 21:37:26,076 - imanalysis - DEBUG - Processing boundary 291/325: [170 190]
2025-08-08 21:37:26,081 - imanalysis - DEBUG - Processing boundary 291/325: [170 190]
2025-08-08 21:37:26,084 - imanalysis - DEBUG - Processing boundary 291/325: [170 190]
2025-08-08 21:37:26,459 - imanalysis - DEBUG - Processing boundary 292/325: [170 200]
2025-08-08 21:37:26,500 - imanalysis - DEBUG - Processing boundary 292/325: [170 200]
2025-08-08 21:37:26,500 - imanalysis - DEBUG - Processing boundary 292/325: [170 200]
2025-08-08 21:37:26,853 - imanalysis - DEBUG - Processing boundary 293/325: [170 210]
2025-08-08 21:37:26,897 - imanalysis - DEBUG - Processing boundary 293/325: [170 210]
2025-08-08 21:37:26,899 - imanalysis - DEBUG - Processing boundary 293/325: [170 210]
2025-08-08 21:37:27,258 - imanalysis - DEBUG - Processing boundary 294/325: [170 220]
2025-08-08 21:37:27,302 - imanalysis - DEBUG - Processing boundary 294/325: [170 220]
2025-08-08 21:37:27,303 - imanalysis - DEBUG - Processing boundary 294/325: [170 220]
2025-08-08 21:37:27,656 - imanalysis - DEBUG - Processing boundary 295/325: [170 230]
2025-08-08 21:37:27,703 - imanalysis - DEBUG - Processing boundary 295/325: [170 230]
2025-08-08 21:37:27,704 - imanalysis - DEBUG - Processing boundary 295/325: [170 230]
2025-08-08 21:37:28,055 - imanalysis - DEBUG - Processing boundary 296/325: [170 240]
2025-08-08 21:37:28,103 - imanalysis - DEBUG - Processing boundary 296/325: [170 240]
2025-08-08 21:37:28,108 - imanalysis - DEBUG - Processing boundary 296/325: [170 240]
2025-08-08 21:37:28,473 - imanalysis - DEBUG - Processing boundary 297/325: [170 250]
2025-08-08 21:37:28,515 - imanalysis - DEBUG - Processing boundary 297/325: [170 250]
2025-08-08 21:37:28,522 - imanalysis - DEBUG - Processing boundary 297/325: [170 250]
2025-08-08 21:37:28,889 - imanalysis - DEBUG - Processing boundary 298/325: [180 190]
2025-08-08 21:37:28,935 - imanalysis - DEBUG - Processing boundary 298/325: [180 190]
2025-08-08 21:37:28,949 - imanalysis - DEBUG - Processing boundary 298/325: [180 190]
2025-08-08 21:37:29,333 - imanalysis - DEBUG - Processing boundary 299/325: [180 200]
2025-08-08 21:37:29,371 - imanalysis - DEBUG - Processing boundary 299/325: [180 200]
2025-08-08 21:37:29,403 - imanalysis - DEBUG - Processing boundary 299/325: [180 200]
2025-08-08 21:37:29,746 - imanalysis - DEBUG - Processing boundary 300/325: [180 210]
2025-08-08 21:37:29,777 - imanalysis - DEBUG - Processing boundary 300/325: [180 210]
2025-08-08 21:37:29,811 - imanalysis - DEBUG - Processing boundary 300/325: [180 210]
2025-08-08 21:37:30,160 - imanalysis - DEBUG - Processing boundary 301/325: [180 220]
2025-08-08 21:37:30,195 - imanalysis - DEBUG - Processing boundary 301/325: [180 220]
2025-08-08 21:37:30,233 - imanalysis - DEBUG - Processing boundary 301/325: [180 220]
2025-08-08 21:37:30,567 - imanalysis - DEBUG - Processing boundary 302/325: [180 230]
2025-08-08 21:37:30,596 - imanalysis - DEBUG - Processing boundary 302/325: [180 230]
2025-08-08 21:37:30,645 - imanalysis - DEBUG - Processing boundary 302/325: [180 230]
2025-08-08 21:37:30,975 - imanalysis - DEBUG - Processing boundary 303/325: [180 240]
2025-08-08 21:37:31,006 - imanalysis - DEBUG - Processing boundary 303/325: [180 240]
2025-08-08 21:37:31,055 - imanalysis - DEBUG - Processing boundary 303/325: [180 240]
2025-08-08 21:37:31,555 - imanalysis - DEBUG - Processing boundary 304/325: [180 250]
2025-08-08 21:37:31,589 - imanalysis - DEBUG - Processing boundary 304/325: [180 250]
2025-08-08 21:37:31,638 - imanalysis - DEBUG - Processing boundary 304/325: [180 250]
2025-08-08 21:37:32,053 - imanalysis - DEBUG - Processing boundary 305/325: [190 200]
2025-08-08 21:37:32,086 - imanalysis - DEBUG - Processing boundary 305/325: [190 200]
2025-08-08 21:37:32,129 - imanalysis - DEBUG - Processing boundary 305/325: [190 200]
2025-08-08 21:37:32,463 - imanalysis - DEBUG - Processing boundary 306/325: [190 210]
2025-08-08 21:37:32,498 - imanalysis - DEBUG - Processing boundary 306/325: [190 210]
2025-08-08 21:37:32,537 - imanalysis - DEBUG - Processing boundary 306/325: [190 210]
2025-08-08 21:37:32,872 - imanalysis - DEBUG - Processing boundary 307/325: [190 220]
2025-08-08 21:37:32,903 - imanalysis - DEBUG - Processing boundary 307/325: [190 220]
2025-08-08 21:37:32,944 - imanalysis - DEBUG - Processing boundary 307/325: [190 220]
2025-08-08 21:37:33,295 - imanalysis - DEBUG - Processing boundary 308/325: [190 230]
2025-08-08 21:37:33,314 - imanalysis - DEBUG - Processing boundary 308/325: [190 230]
2025-08-08 21:37:33,366 - imanalysis - DEBUG - Processing boundary 308/325: [190 230]
2025-08-08 21:37:33,708 - imanalysis - DEBUG - Processing boundary 309/325: [190 240]
2025-08-08 21:37:33,720 - imanalysis - DEBUG - Processing boundary 309/325: [190 240]
2025-08-08 21:37:33,778 - imanalysis - DEBUG - Processing boundary 309/325: [190 240]
2025-08-08 21:37:34,122 - imanalysis - DEBUG - Processing boundary 310/325: [190 250]
2025-08-08 21:37:34,136 - imanalysis - DEBUG - Processing boundary 310/325: [190 250]
2025-08-08 21:37:34,190 - imanalysis - DEBUG - Processing boundary 310/325: [190 250]
2025-08-08 21:37:34,536 - imanalysis - DEBUG - Processing boundary 311/325: [200 210]
2025-08-08 21:37:34,550 - imanalysis - DEBUG - Processing boundary 311/325: [200 210]
2025-08-08 21:37:34,597 - imanalysis - DEBUG - Processing boundary 311/325: [200 210]
2025-08-08 21:37:34,944 - imanalysis - DEBUG - Processing boundary 312/325: [200 220]
2025-08-08 21:37:34,952 - imanalysis - DEBUG - Processing boundary 312/325: [200 220]
2025-08-08 21:37:35,012 - imanalysis - DEBUG - Processing boundary 312/325: [200 220]
2025-08-08 21:37:35,359 - imanalysis - DEBUG - Processing boundary 313/325: [200 230]
2025-08-08 21:37:35,366 - imanalysis - DEBUG - Processing boundary 313/325: [200 230]
2025-08-08 21:37:35,419 - imanalysis - DEBUG - Processing boundary 313/325: [200 230]
2025-08-08 21:37:35,766 - imanalysis - DEBUG - Processing boundary 314/325: [200 240]
2025-08-08 21:37:35,772 - imanalysis - DEBUG - Processing boundary 314/325: [200 240]
2025-08-08 21:37:35,832 - imanalysis - DEBUG - Processing boundary 314/325: [200 240]
2025-08-08 21:37:36,183 - imanalysis - DEBUG - Processing boundary 315/325: [200 250]
2025-08-08 21:37:36,188 - imanalysis - DEBUG - Processing boundary 315/325: [200 250]
2025-08-08 21:37:36,238 - imanalysis - DEBUG - Processing boundary 315/325: [200 250]
2025-08-08 21:37:36,601 - imanalysis - DEBUG - Processing boundary 316/325: [210 220]
2025-08-08 21:37:36,603 - imanalysis - DEBUG - Processing boundary 316/325: [210 220]
2025-08-08 21:37:36,633 - imanalysis - DEBUG - Processing boundary 316/325: [210 220]
2025-08-08 21:37:36,993 - imanalysis - DEBUG - Processing boundary 317/325: [210 230]
2025-08-08 21:37:37,034 - imanalysis - DEBUG - Processing boundary 317/325: [210 230]
2025-08-08 21:37:37,035 - imanalysis - DEBUG - Processing boundary 317/325: [210 230]
2025-08-08 21:37:37,397 - imanalysis - DEBUG - Processing boundary 318/325: [210 240]
2025-08-08 21:37:37,441 - imanalysis - DEBUG - Processing boundary 318/325: [210 240]
2025-08-08 21:37:37,444 - imanalysis - DEBUG - Processing boundary 318/325: [210 240]
2025-08-08 21:37:37,800 - imanalysis - DEBUG - Processing boundary 319/325: [210 250]
2025-08-08 21:37:37,846 - imanalysis - DEBUG - Processing boundary 319/325: [210 250]
2025-08-08 21:37:37,847 - imanalysis - DEBUG - Processing boundary 319/325: [210 250]
2025-08-08 21:37:38,204 - imanalysis - DEBUG - Processing boundary 320/325: [220 230]
2025-08-08 21:37:38,251 - imanalysis - DEBUG - Processing boundary 320/325: [220 230]
2025-08-08 21:37:38,251 - imanalysis - DEBUG - Processing boundary 320/325: [220 230]
2025-08-08 21:37:38,601 - imanalysis - DEBUG - Processing boundary 321/325: [220 240]
2025-08-08 21:37:38,649 - imanalysis - DEBUG - Processing boundary 321/325: [220 240]
2025-08-08 21:37:38,650 - imanalysis - DEBUG - Processing boundary 321/325: [220 240]
2025-08-08 21:37:38,999 - imanalysis - DEBUG - Processing boundary 322/325: [220 250]
2025-08-08 21:37:39,048 - imanalysis - DEBUG - Processing boundary 322/325: [220 250]
2025-08-08 21:37:39,049 - imanalysis - DEBUG - Processing boundary 322/325: [220 250]
2025-08-08 21:37:39,398 - imanalysis - DEBUG - Processing boundary 323/325: [230 240]
2025-08-08 21:37:39,456 - imanalysis - DEBUG - Processing boundary 323/325: [230 240]
2025-08-08 21:37:39,461 - imanalysis - DEBUG - Processing boundary 323/325: [230 240]
2025-08-08 21:37:39,829 - imanalysis - DEBUG - Processing boundary 324/325: [230 250]
2025-08-08 21:37:39,872 - imanalysis - DEBUG - Processing boundary 324/325: [230 250]
2025-08-08 21:37:39,887 - imanalysis - DEBUG - Processing boundary 324/325: [230 250]
2025-08-08 21:37:40,239 - imanalysis - DEBUG - Processing boundary 325/325: [240 250]
2025-08-08 21:37:40,279 - imanalysis - DEBUG - Processing boundary 325/325: [240 250]
2025-08-08 21:37:40,306 - imanalysis - DEBUG - Processing boundary 325/325: [240 250]
2025-08-08 21:37:40,651 - imanalysis - DEBUG - Completed channel analysis for RGB index 0
2025-08-08 21:37:40,674 - imanalysis - DEBUG - Completed channel analysis for YCrCb index 1
2025-08-08 21:37:40,688 - imanalysis - DEBUG - Completed channel analysis for HSV index 1
2025-08-08 21:37:40,721 - imanalysis - INFO - Completed analysis for RGB channel red
2025-08-08 21:37:40,721 - imanalysis - INFO - Completed analysis for YCrCb channel Cr
2025-08-08 21:37:40,721 - imanalysis - INFO - Completed analysis for HSV channel saturation
2025-08-08 21:37:40,736 - imanalysis - INFO - ROC analysis completed for camera DSLR
